{"C:\\xampp\\htdocs\\verifgood\\VerifgoodSDK\\src\\VGSDK.ts": {"path":"C:\\xampp\\htdocs\\verifgood\\VerifgoodSDK\\src\\VGSDK.ts","statementMap":{"0":{"start":{"line":1,"column":0},"end":{"line":1,"column":62}},"1":{"start":{"line":3,"column":0},"end":{"line":3,"column":48}},"2":{"start":{"line":4,"column":0},"end":{"line":4,"column":54}},"3":{"start":{"line":5,"column":0},"end":{"line":5,"column":33}},"4":{"start":{"line":7,"column":0},"end":{"line":7,"column":42}},"5":{"start":{"line":8,"column":0},"end":{"line":8,"column":54}},"6":{"start":{"line":9,"column":0},"end":{"line":9,"column":52}},"7":{"start":{"line":10,"column":0},"end":{"line":10,"column":44}},"8":{"start":{"line":11,"column":0},"end":{"line":11,"column":54}},"9":{"start":{"line":12,"column":0},"end":{"line":12,"column":54}},"10":{"start":{"line":13,"column":0},"end":{"line":13,"column":58}},"11":{"start":{"line":14,"column":0},"end":{"line":14,"column":50}},"12":{"start":{"line":24,"column":4},"end":{"line":24,"column":39}},"13":{"start":{"line":25,"column":4},"end":{"line":25,"column":38}},"14":{"start":{"line":26,"column":4},"end":{"line":26,"column":23}},"15":{"start":{"line":27,"column":4},"end":{"line":27,"column":50}},"16":{"start":{"line":31,"column":4},"end":{"line":33,"column":5}},"17":{"start":{"line":32,"column":6},"end":{"line":32,"column":87}},"18":{"start":{"line":34,"column":4},"end":{"line":34,"column":38}},"19":{"start":{"line":38,"column":4},"end":{"line":38,"column":55}},"20":{"start":{"line":42,"column":4},"end":{"line":42,"column":43}},"21":{"start":{"line":49,"column":4},"end":{"line":49,"column":55}},"22":{"start":{"line":53,"column":4},"end":{"line":53,"column":53}},"23":{"start":{"line":57,"column":4},"end":{"line":57,"column":45}},"24":{"start":{"line":61,"column":4},"end":{"line":61,"column":55}},"25":{"start":{"line":65,"column":4},"end":{"line":65,"column":55}},"26":{"start":{"line":68,"column":4},"end":{"line":68,"column":51}},"27":{"start":{"line":75,"column":4},"end":{"line":75,"column":59}},"28":{"start":{"line":83,"column":4},"end":{"line":83,"column":61}},"29":{"start":{"line":91,"column":4},"end":{"line":91,"column":47}},"30":{"start":{"line":18,"column":0},"end":{"line":18,"column":13}}},"fnMap":{"0":{"name":"(anonymous_0)","decl":{"start":{"line":23,"column":2},"end":{"line":23,"column":14}},"loc":{"start":{"line":23,"column":45},"end":{"line":28,"column":3}}},"1":{"name":"(anonymous_1)","decl":{"start":{"line":30,"column":10},"end":{"line":30,"column":20}},"loc":{"start":{"line":30,"column":100},"end":{"line":35,"column":3}}},"2":{"name":"(anonymous_2)","decl":{"start":{"line":37,"column":2},"end":{"line":37,"column":6}},"loc":{"start":{"line":37,"column":17},"end":{"line":39,"column":3}}},"3":{"name":"(anonymous_3)","decl":{"start":{"line":41,"column":2},"end":{"line":41,"column":6}},"loc":{"start":{"line":41,"column":11},"end":{"line":43,"column":3}}},"4":{"name":"(anonymous_4)","decl":{"start":{"line":48,"column":2},"end":{"line":48,"column":6}},"loc":{"start":{"line":48,"column":17},"end":{"line":50,"column":3}}},"5":{"name":"(anonymous_5)","decl":{"start":{"line":52,"column":2},"end":{"line":52,"column":6}},"loc":{"start":{"line":52,"column":16},"end":{"line":54,"column":3}}},"6":{"name":"(anonymous_6)","decl":{"start":{"line":56,"column":2},"end":{"line":56,"column":6}},"loc":{"start":{"line":56,"column":12},"end":{"line":58,"column":3}}},"7":{"name":"(anonymous_7)","decl":{"start":{"line":60,"column":2},"end":{"line":60,"column":6}},"loc":{"start":{"line":60,"column":17},"end":{"line":62,"column":3}}},"8":{"name":"(anonymous_8)","decl":{"start":{"line":64,"column":2},"end":{"line":64,"column":6}},"loc":{"start":{"line":64,"column":17},"end":{"line":66,"column":3}}},"9":{"name":"(anonymous_9)","decl":{"start":{"line":67,"column":2},"end":{"line":67,"column":6}},"loc":{"start":{"line":67,"column":15},"end":{"line":69,"column":3}}},"10":{"name":"(anonymous_10)","decl":{"start":{"line":74,"column":2},"end":{"line":74,"column":6}},"loc":{"start":{"line":74,"column":19},"end":{"line":76,"column":3}}},"11":{"name":"(anonymous_11)","decl":{"start":{"line":82,"column":2},"end":{"line":82,"column":6}},"loc":{"start":{"line":82,"column":20},"end":{"line":84,"column":3}}},"12":{"name":"(anonymous_12)","decl":{"start":{"line":90,"column":2},"end":{"line":90,"column":6}},"loc":{"start":{"line":90,"column":13},"end":{"line":92,"column":3}}}},"branchMap":{"0":{"loc":{"start":{"line":31,"column":4},"end":{"line":33,"column":5}},"type":"if","locations":[{"start":{"line":31,"column":4},"end":{"line":33,"column":5}}]}},"s":{"0":1,"1":1,"2":1,"3":1,"4":1,"5":1,"6":1,"7":1,"8":1,"9":1,"10":1,"11":1,"12":13,"13":13,"14":13,"15":13,"16":11,"17":10,"18":11,"19":3,"20":1,"21":1,"22":1,"23":1,"24":1,"25":1,"26":1,"27":1,"28":0,"29":0,"30":1},"f":{"0":13,"1":11,"2":3,"3":1,"4":1,"5":1,"6":1,"7":1,"8":1,"9":1,"10":1,"11":0,"12":0},"b":{"0":[10]}}
,"C:\\xampp\\htdocs\\verifgood\\VerifgoodSDK\\src\\apiRequests\\Account.ts": {"path":"C:\\xampp\\htdocs\\verifgood\\VerifgoodSDK\\src\\apiRequests\\Account.ts","statementMap":{"0":{"start":{"line":1,"column":0},"end":{"line":1,"column":48}},"1":{"start":{"line":14,"column":4},"end":{"line":14,"column":28}},"2":{"start":{"line":10,"column":2},"end":{"line":10,"column":36}},"3":{"start":{"line":11,"column":2},"end":{"line":11,"column":45}},"4":{"start":{"line":23,"column":21},"end":{"line":23,"column":81}},"5":{"start":{"line":24,"column":4},"end":{"line":24,"column":30}},"6":{"start":{"line":32,"column":21},"end":{"line":32,"column":70}},"7":{"start":{"line":33,"column":4},"end":{"line":33,"column":30}},"8":{"start":{"line":42,"column":17},"end":{"line":42,"column":77}},"9":{"start":{"line":44,"column":16},"end":{"line":44,"column":71}},"10":{"start":{"line":45,"column":21},"end":{"line":45,"column":75}},"11":{"start":{"line":46,"column":4},"end":{"line":46,"column":30}},"12":{"start":{"line":51,"column":21},"end":{"line":51,"column":50}},"13":{"start":{"line":52,"column":4},"end":{"line":52,"column":32}},"14":{"start":{"line":56,"column":21},"end":{"line":56,"column":44}},"15":{"start":{"line":57,"column":4},"end":{"line":57,"column":30}},"16":{"start":{"line":61,"column":21},"end":{"line":61,"column":45}},"17":{"start":{"line":62,"column":4},"end":{"line":62,"column":30}},"18":{"start":{"line":66,"column":21},"end":{"line":66,"column":49}},"19":{"start":{"line":67,"column":4},"end":{"line":67,"column":30}},"20":{"start":{"line":71,"column":4},"end":{"line":71,"column":27}},"21":{"start":{"line":9,"column":0},"end":{"line":9,"column":13}}},"fnMap":{"0":{"name":"(anonymous_7)","decl":{"start":{"line":13,"column":2},"end":{"line":13,"column":14}},"loc":{"start":{"line":13,"column":43},"end":{"line":15,"column":3}}},"1":{"name":"(anonymous_8)","decl":{"start":{"line":22,"column":8},"end":{"line":22,"column":21}},"loc":{"start":{"line":22,"column":47},"end":{"line":25,"column":null}}},"2":{"name":"(anonymous_10)","decl":{"start":{"line":31,"column":8},"end":{"line":31,"column":20}},"loc":{"start":{"line":31,"column":20},"end":{"line":34,"column":null}}},"3":{"name":"(anonymous_12)","decl":{"start":{"line":41,"column":8},"end":{"line":41,"column":21}},"loc":{"start":{"line":41,"column":50},"end":{"line":47,"column":null}}},"4":{"name":"(anonymous_14)","decl":{"start":{"line":50,"column":8},"end":{"line":50,"column":14}},"loc":{"start":{"line":50,"column":35},"end":{"line":53,"column":null}}},"5":{"name":"(anonymous_17)","decl":{"start":{"line":55,"column":8},"end":{"line":55,"column":15}},"loc":{"start":{"line":55,"column":26},"end":{"line":58,"column":null}}},"6":{"name":"(anonymous_20)","decl":{"start":{"line":60,"column":8},"end":{"line":60,"column":14}},"loc":{"start":{"line":60,"column":24},"end":{"line":63,"column":null}}},"7":{"name":"(anonymous_23)","decl":{"start":{"line":65,"column":8},"end":{"line":65,"column":14}},"loc":{"start":{"line":65,"column":36},"end":{"line":68,"column":null}}},"8":{"name":"(anonymous_26)","decl":{"start":{"line":70,"column":8},"end":{"line":70,"column":14}},"loc":{"start":{"line":70,"column":25},"end":{"line":72,"column":null}}}},"branchMap":{"0":{"loc":{"start":{"line":42,"column":17},"end":{"line":42,"column":77}},"type":"cond-expr","locations":[{"start":{"line":42,"column":52},"end":{"line":42,"column":70}},{"start":{"line":42,"column":73},"end":{"line":42,"column":77}}]}},"s":{"0":2,"1":8,"2":8,"3":8,"4":1,"5":1,"6":1,"7":1,"8":1,"9":1,"10":1,"11":1,"12":0,"13":0,"14":0,"15":0,"16":0,"17":0,"18":0,"19":0,"20":0,"21":2},"f":{"0":8,"1":1,"2":1,"3":1,"4":0,"5":0,"6":0,"7":0,"8":0},"b":{"0":[1,0]}}
,"C:\\xampp\\htdocs\\verifgood\\VerifgoodSDK\\src\\apiRequests\\BonsDeCommande.ts": {"path":"C:\\xampp\\htdocs\\verifgood\\VerifgoodSDK\\src\\apiRequests\\BonsDeCommande.ts","statementMap":{"0":{"start":{"line":1,"column":0},"end":{"line":1,"column":48}},"1":{"start":{"line":10,"column":2},"end":{"line":10,"column":45}},"2":{"start":{"line":11,"column":2},"end":{"line":11,"column":53}},"3":{"start":{"line":19,"column":4},"end":{"line":19,"column":102}},"4":{"start":{"line":28,"column":4},"end":{"line":28,"column":108}},"5":{"start":{"line":37,"column":4},"end":{"line":37,"column":114}},"6":{"start":{"line":50,"column":4},"end":{"line":73,"column":7}},"7":{"start":{"line":51,"column":21},"end":{"line":51,"column":37}},"8":{"start":{"line":52,"column":6},"end":{"line":52,"column":36}},"9":{"start":{"line":53,"column":6},"end":{"line":72,"column":8}},"10":{"start":{"line":54,"column":26},"end":{"line":54,"column":39}},"11":{"start":{"line":55,"column":27},"end":{"line":68,"column":10}},"12":{"start":{"line":69,"column":8},"end":{"line":71,"column":25}},"13":{"start":{"line":83,"column":18},"end":{"line":91,"column":null}},"14":{"start":{"line":84,"column":18},"end":{"line":89,"column":6}},"15":{"start":{"line":90,"column":4},"end":{"line":90,"column":86}},"16":{"start":{"line":99,"column":24},"end":{"line":107,"column":null}},"17":{"start":{"line":100,"column":18},"end":{"line":105,"column":6}},"18":{"start":{"line":106,"column":4},"end":{"line":106,"column":93}},"19":{"start":{"line":115,"column":4},"end":{"line":115,"column":105}},"20":{"start":{"line":124,"column":4},"end":{"line":131,"column":null}},"21":{"start":{"line":141,"column":4},"end":{"line":141,"column":97}},"22":{"start":{"line":149,"column":15},"end":{"line":155,"column":null}},"23":{"start":{"line":151,"column":21},"end":{"line":151,"column":106}},"24":{"start":{"line":152,"column":17},"end":{"line":152,"column":66}},"25":{"start":{"line":153,"column":20},"end":{"line":153,"column":45}},"26":{"start":{"line":154,"column":4},"end":{"line":154,"column":35}},"27":{"start":{"line":162,"column":32},"end":{"line":169,"column":null}},"28":{"start":{"line":164,"column":18},"end":{"line":167,"column":6}},"29":{"start":{"line":168,"column":4},"end":{"line":168,"column":96}},"30":{"start":{"line":177,"column":15},"end":{"line":192,"column":null}},"31":{"start":{"line":179,"column":4},"end":{"line":179,"column":32}},"32":{"start":{"line":180,"column":18},"end":{"line":182,"column":6}},"33":{"start":{"line":184,"column":21},"end":{"line":184,"column":62}},"34":{"start":{"line":186,"column":21},"end":{"line":186,"column":92}},"35":{"start":{"line":188,"column":4},"end":{"line":188,"column":30}},"36":{"start":{"line":191,"column":4},"end":{"line":191,"column":46}},"37":{"start":{"line":200,"column":18},"end":{"line":202,"column":6}},"38":{"start":{"line":203,"column":4},"end":{"line":203,"column":68}},"39":{"start":{"line":213,"column":18},"end":{"line":215,"column":6}},"40":{"start":{"line":216,"column":4},"end":{"line":216,"column":70}},"41":{"start":{"line":9,"column":0},"end":{"line":9,"column":13}}},"fnMap":{"0":{"name":"(anonymous_7)","decl":{"start":{"line":9,"column":0},"end":{"line":9,"column":13}},"loc":{"start":{"line":9,"column":0},"end":{"line":218,"column":1}}},"1":{"name":"(anonymous_8)","decl":{"start":{"line":18,"column":8},"end":{"line":18,"column":14}},"loc":{"start":{"line":18,"column":43},"end":{"line":20,"column":null}}},"2":{"name":"(anonymous_10)","decl":{"start":{"line":27,"column":8},"end":{"line":27,"column":19}},"loc":{"start":{"line":27,"column":48},"end":{"line":29,"column":null}}},"3":{"name":"(anonymous_12)","decl":{"start":{"line":36,"column":8},"end":{"line":36,"column":25}},"loc":{"start":{"line":36,"column":54},"end":{"line":38,"column":null}}},"4":{"name":"(anonymous_14)","decl":{"start":{"line":48,"column":8},"end":{"line":48,"column":21}},"loc":{"start":{"line":48,"column":111},"end":{"line":74,"column":null}}},"5":{"name":"(anonymous_16)","decl":{"start":{"line":50,"column":23},"end":{"line":50,"column":24}},"loc":{"start":{"line":50,"column":43},"end":{"line":73,"column":5}}},"6":{"name":"(anonymous_17)","decl":{"start":{"line":53,"column":25},"end":{"line":53,"column":28}},"loc":{"start":{"line":53,"column":30},"end":{"line":72,"column":7}}},"7":{"name":"(anonymous_18)","decl":{"start":{"line":83,"column":8},"end":{"line":83,"column":17}},"loc":{"start":{"line":83,"column":17},"end":{"line":91,"column":null}}},"8":{"name":"(anonymous_19)","decl":{"start":{"line":83,"column":18},"end":{"line":83,"column":46}},"loc":{"start":{"line":83,"column":88},"end":{"line":91,"column":3}}},"9":{"name":"(anonymous_20)","decl":{"start":{"line":99,"column":8},"end":{"line":99,"column":23}},"loc":{"start":{"line":99,"column":23},"end":{"line":107,"column":null}}},"10":{"name":"(anonymous_21)","decl":{"start":{"line":99,"column":24},"end":{"line":99,"column":52}},"loc":{"start":{"line":99,"column":71},"end":{"line":107,"column":3}}},"11":{"name":"(anonymous_22)","decl":{"start":{"line":114,"column":8},"end":{"line":114,"column":16}},"loc":{"start":{"line":114,"column":45},"end":{"line":116,"column":null}}},"12":{"name":"(anonymous_24)","decl":{"start":{"line":123,"column":2},"end":{"line":123,"column":7}},"loc":{"start":{"line":123,"column":36},"end":{"line":133,"column":3}}},"13":{"name":"(anonymous_25)","decl":{"start":{"line":140,"column":8},"end":{"line":140,"column":21}},"loc":{"start":{"line":140,"column":68},"end":{"line":142,"column":null}}},"14":{"name":"(anonymous_27)","decl":{"start":{"line":149,"column":8},"end":{"line":149,"column":14}},"loc":{"start":{"line":149,"column":14},"end":{"line":155,"column":null}}},"15":{"name":"(anonymous_28)","decl":{"start":{"line":149,"column":15},"end":{"line":149,"column":38}},"loc":{"start":{"line":149,"column":57},"end":{"line":155,"column":3}}},"16":{"name":"(anonymous_29)","decl":{"start":{"line":162,"column":8},"end":{"line":162,"column":31}},"loc":{"start":{"line":162,"column":31},"end":{"line":169,"column":null}}},"17":{"name":"(anonymous_30)","decl":{"start":{"line":162,"column":32},"end":{"line":162,"column":52}},"loc":{"start":{"line":162,"column":86},"end":{"line":169,"column":3}}},"18":{"name":"(anonymous_31)","decl":{"start":{"line":177,"column":8},"end":{"line":177,"column":14}},"loc":{"start":{"line":177,"column":14},"end":{"line":192,"column":null}}},"19":{"name":"(anonymous_32)","decl":{"start":{"line":177,"column":15},"end":{"line":177,"column":35}},"loc":{"start":{"line":177,"column":99},"end":{"line":192,"column":3}}},"20":{"name":"(anonymous_33)","decl":{"start":{"line":198,"column":8},"end":{"line":198,"column":20}},"loc":{"start":{"line":198,"column":41},"end":{"line":204,"column":null}}},"21":{"name":"(anonymous_35)","decl":{"start":{"line":211,"column":8},"end":{"line":211,"column":22}},"loc":{"start":{"line":211,"column":43},"end":{"line":217,"column":null}}}},"branchMap":{"0":{"loc":{"start":{"line":83,"column":71},"end":{"line":83,"column":88}},"type":"default-arg","locations":[{"start":{"line":83,"column":84},"end":{"line":83,"column":88}}]},"1":{"loc":{"start":{"line":85,"column":16},"end":{"line":85,"column":39}},"type":"cond-expr","locations":[{"start":{"line":85,"column":24},"end":{"line":85,"column":32}},{"start":{"line":85,"column":35},"end":{"line":85,"column":39}}]},"2":{"loc":{"start":{"line":99,"column":54},"end":{"line":99,"column":71}},"type":"default-arg","locations":[{"start":{"line":99,"column":67},"end":{"line":99,"column":71}}]},"3":{"loc":{"start":{"line":101,"column":16},"end":{"line":101,"column":39}},"type":"cond-expr","locations":[{"start":{"line":101,"column":24},"end":{"line":101,"column":32}},{"start":{"line":101,"column":35},"end":{"line":101,"column":39}}]},"4":{"loc":{"start":{"line":149,"column":40},"end":{"line":149,"column":57}},"type":"default-arg","locations":[{"start":{"line":149,"column":55},"end":{"line":149,"column":57}}]},"5":{"loc":{"start":{"line":162,"column":54},"end":{"line":162,"column":86}},"type":"default-arg","locations":[{"start":{"line":162,"column":69},"end":{"line":162,"column":86}}]},"6":{"loc":{"start":{"line":177,"column":37},"end":{"line":177,"column":67}},"type":"default-arg","locations":[{"start":{"line":177,"column":63},"end":{"line":177,"column":67}}]},"7":{"loc":{"start":{"line":177,"column":69},"end":{"line":177,"column":99}},"type":"default-arg","locations":[{"start":{"line":177,"column":93},"end":{"line":177,"column":99}}]},"8":{"loc":{"start":{"line":184,"column":21},"end":{"line":184,"column":62}},"type":"cond-expr","locations":[{"start":{"line":184,"column":47},"end":{"line":184,"column":54}},{"start":{"line":184,"column":57},"end":{"line":184,"column":62}}]}},"s":{"0":2,"1":1,"2":1,"3":1,"4":1,"5":1,"6":0,"7":0,"8":0,"9":0,"10":0,"11":0,"12":0,"13":1,"14":1,"15":1,"16":1,"17":1,"18":1,"19":1,"20":1,"21":1,"22":1,"23":1,"24":1,"25":1,"26":1,"27":1,"28":1,"29":1,"30":1,"31":1,"32":1,"33":1,"34":1,"35":1,"36":1,"37":1,"38":1,"39":1,"40":1,"41":2},"f":{"0":1,"1":1,"2":1,"3":1,"4":0,"5":0,"6":0,"7":1,"8":1,"9":1,"10":1,"11":1,"12":1,"13":1,"14":1,"15":1,"16":1,"17":1,"18":1,"19":1,"20":1,"21":1},"b":{"0":[0],"1":[1,0],"2":[0],"3":[1,0],"4":[0],"5":[1],"6":[0],"7":[0],"8":[1,0]}}
,"C:\\xampp\\htdocs\\verifgood\\VerifgoodSDK\\src\\apiRequests\\Categories.ts": {"path":"C:\\xampp\\htdocs\\verifgood\\VerifgoodSDK\\src\\apiRequests\\Categories.ts","statementMap":{"0":{"start":{"line":1,"column":0},"end":{"line":1,"column":46}},"1":{"start":{"line":5,"column":2},"end":{"line":5,"column":39}},"2":{"start":{"line":6,"column":2},"end":{"line":6,"column":47}},"3":{"start":{"line":9,"column":4},"end":{"line":9,"column":92}},"4":{"start":{"line":12,"column":4},"end":{"line":12,"column":73}},"5":{"start":{"line":4,"column":0},"end":{"line":4,"column":13}}},"fnMap":{"0":{"name":"(anonymous_7)","decl":{"start":{"line":4,"column":0},"end":{"line":4,"column":13}},"loc":{"start":{"line":4,"column":0},"end":{"line":14,"column":1}}},"1":{"name":"(anonymous_8)","decl":{"start":{"line":8,"column":8},"end":{"line":8,"column":26}},"loc":{"start":{"line":8,"column":63},"end":{"line":10,"column":null}}},"2":{"name":"(anonymous_10)","decl":{"start":{"line":11,"column":8},"end":{"line":11,"column":29}},"loc":{"start":{"line":11,"column":60},"end":{"line":13,"column":null}}}},"branchMap":{},"s":{"0":1,"1":1,"2":1,"3":0,"4":0,"5":1},"f":{"0":1,"1":0,"2":0},"b":{}}
,"C:\\xampp\\htdocs\\verifgood\\VerifgoodSDK\\src\\apiRequests\\Checkpoints.ts": {"path":"C:\\xampp\\htdocs\\verifgood\\VerifgoodSDK\\src\\apiRequests\\Checkpoints.ts","statementMap":{"0":{"start":{"line":1,"column":0},"end":{"line":1,"column":46}},"1":{"start":{"line":4,"column":4},"end":{"line":4,"column":42}},"2":{"start":{"line":5,"column":4},"end":{"line":5,"column":51}},"3":{"start":{"line":3,"column":0},"end":{"line":3,"column":13}}},"fnMap":{"0":{"name":"(anonymous_0)","decl":{"start":{"line":3,"column":0},"end":{"line":3,"column":13}},"loc":{"start":{"line":3,"column":0},"end":{"line":6,"column":1}}}},"branchMap":{},"s":{"0":1,"1":2,"2":2,"3":1},"f":{"0":2},"b":{}}
,"C:\\xampp\\htdocs\\verifgood\\VerifgoodSDK\\src\\apiRequests\\Equipements.ts": {"path":"C:\\xampp\\htdocs\\verifgood\\VerifgoodSDK\\src\\apiRequests\\Equipements.ts","statementMap":{"0":{"start":{"line":1,"column":0},"end":{"line":1,"column":44}},"1":{"start":{"line":2,"column":0},"end":{"line":2,"column":46}},"2":{"start":{"line":5,"column":2},"end":{"line":5,"column":40}},"3":{"start":{"line":6,"column":2},"end":{"line":6,"column":48}},"4":{"start":{"line":7,"column":2},"end":{"line":7,"column":21}},"5":{"start":{"line":8,"column":2},"end":{"line":8,"column":31}},"6":{"start":{"line":9,"column":35},"end":{"line":16,"column":null}},"7":{"start":{"line":10,"column":18},"end":{"line":13,"column":6}},"8":{"start":{"line":14,"column":21},"end":{"line":14,"column":116}},"9":{"start":{"line":15,"column":4},"end":{"line":15,"column":31}},"10":{"start":{"line":23,"column":16},"end":{"line":23,"column":20}},"11":{"start":{"line":24,"column":21},"end":{"line":24,"column":101}},"12":{"start":{"line":25,"column":4},"end":{"line":25,"column":55}},"13":{"start":{"line":26,"column":4},"end":{"line":26,"column":23}},"14":{"start":{"line":34,"column":16},"end":{"line":34,"column":20}},"15":{"start":{"line":35,"column":21},"end":{"line":35,"column":98}},"16":{"start":{"line":36,"column":4},"end":{"line":36,"column":55}},"17":{"start":{"line":37,"column":4},"end":{"line":37,"column":23}},"18":{"start":{"line":41,"column":18},"end":{"line":45,"column":6}},"19":{"start":{"line":46,"column":21},"end":{"line":46,"column":96}},"20":{"start":{"line":47,"column":4},"end":{"line":47,"column":32}},"21":{"start":{"line":50,"column":34},"end":{"line":68,"column":null}},"22":{"start":{"line":51,"column":4},"end":{"line":51,"column":32}},"23":{"start":{"line":52,"column":18},"end":{"line":54,"column":6}},"24":{"start":{"line":55,"column":21},"end":{"line":55,"column":62}},"25":{"start":{"line":56,"column":24},"end":{"line":56,"column":130}},"26":{"start":{"line":57,"column":25},"end":{"line":57,"column":66}},"27":{"start":{"line":59,"column":21},"end":{"line":59,"column":115}},"28":{"start":{"line":60,"column":17},"end":{"line":60,"column":143}},"29":{"start":{"line":61,"column":16},"end":{"line":61,"column":48}},"30":{"start":{"line":62,"column":17},"end":{"line":62,"column":44}},"31":{"start":{"line":63,"column":4},"end":{"line":63,"column":20}},"32":{"start":{"line":64,"column":4},"end":{"line":64,"column":100}},"33":{"start":{"line":65,"column":4},"end":{"line":65,"column":36}},"34":{"start":{"line":66,"column":4},"end":{"line":66,"column":17}},"35":{"start":{"line":67,"column":4},"end":{"line":67,"column":36}},"36":{"start":{"line":71,"column":18},"end":{"line":73,"column":6}},"37":{"start":{"line":74,"column":21},"end":{"line":74,"column":68}},"38":{"start":{"line":75,"column":4},"end":{"line":77,"column":7}},"39":{"start":{"line":76,"column":6},"end":{"line":76,"column":62}},"40":{"start":{"line":78,"column":4},"end":{"line":78,"column":20}},"41":{"start":{"line":82,"column":18},"end":{"line":86,"column":6}},"42":{"start":{"line":87,"column":21},"end":{"line":87,"column":95}},"43":{"start":{"line":88,"column":4},"end":{"line":88,"column":69}},"44":{"start":{"line":91,"column":38},"end":{"line":105,"column":null}},"45":{"start":{"line":92,"column":18},"end":{"line":95,"column":6}},"46":{"start":{"line":97,"column":21},"end":{"line":97,"column":94}},"47":{"start":{"line":98,"column":16},"end":{"line":98,"column":64}},"48":{"start":{"line":99,"column":17},"end":{"line":99,"column":44}},"49":{"start":{"line":100,"column":4},"end":{"line":100,"column":20}},"50":{"start":{"line":101,"column":4},"end":{"line":101,"column":85}},"51":{"start":{"line":102,"column":4},"end":{"line":102,"column":36}},"52":{"start":{"line":103,"column":4},"end":{"line":103,"column":17}},"53":{"start":{"line":104,"column":4},"end":{"line":104,"column":36}},"54":{"start":{"line":107,"column":21},"end":{"line":128,"column":null}},"55":{"start":{"line":108,"column":4},"end":{"line":108,"column":32}},"56":{"start":{"line":109,"column":18},"end":{"line":114,"column":6}},"57":{"start":{"line":115,"column":21},"end":{"line":115,"column":62}},"58":{"start":{"line":116,"column":24},"end":{"line":116,"column":130}},"59":{"start":{"line":117,"column":25},"end":{"line":117,"column":66}},"60":{"start":{"line":119,"column":21},"end":{"line":119,"column":95}},"61":{"start":{"line":120,"column":17},"end":{"line":120,"column":143}},"62":{"start":{"line":121,"column":16},"end":{"line":121,"column":48}},"63":{"start":{"line":122,"column":17},"end":{"line":122,"column":44}},"64":{"start":{"line":123,"column":4},"end":{"line":123,"column":20}},"65":{"start":{"line":124,"column":4},"end":{"line":124,"column":97}},"66":{"start":{"line":125,"column":4},"end":{"line":125,"column":36}},"67":{"start":{"line":126,"column":4},"end":{"line":126,"column":17}},"68":{"start":{"line":127,"column":4},"end":{"line":127,"column":36}},"69":{"start":{"line":131,"column":4},"end":{"line":143,"column":7}},"70":{"start":{"line":132,"column":6},"end":{"line":132,"column":84}},"71":{"start":{"line":132,"column":59},"end":{"line":132,"column":84}},"72":{"start":{"line":133,"column":6},"end":{"line":142,"column":7}},"73":{"start":{"line":134,"column":8},"end":{"line":141,"column":9}},"74":{"start":{"line":135,"column":10},"end":{"line":138,"column":13}},"75":{"start":{"line":136,"column":12},"end":{"line":136,"column":55}},"76":{"start":{"line":137,"column":12},"end":{"line":137,"column":56}},"77":{"start":{"line":140,"column":10},"end":{"line":140,"column":49}},"78":{"start":{"line":144,"column":21},"end":{"line":144,"column":87}},"79":{"start":{"line":145,"column":4},"end":{"line":145,"column":20}},"80":{"start":{"line":149,"column":21},"end":{"line":149,"column":101}},"81":{"start":{"line":150,"column":4},"end":{"line":150,"column":20}},"82":{"start":{"line":154,"column":4},"end":{"line":154,"column":82}},"83":{"start":{"line":155,"column":4},"end":{"line":155,"column":27}},"84":{"start":{"line":159,"column":21},"end":{"line":159,"column":116}},"85":{"start":{"line":160,"column":4},"end":{"line":160,"column":20}},"86":{"start":{"line":163,"column":15},"end":{"line":166,"column":null}},"87":{"start":{"line":164,"column":21},"end":{"line":164,"column":128}},"88":{"start":{"line":165,"column":4},"end":{"line":165,"column":20}},"89":{"start":{"line":169,"column":21},"end":{"line":169,"column":77}},"90":{"start":{"line":170,"column":4},"end":{"line":171,"column":7}},"91":{"start":{"line":172,"column":4},"end":{"line":172,"column":20}},"92":{"start":{"line":176,"column":21},"end":{"line":176,"column":83}},"93":{"start":{"line":177,"column":4},"end":{"line":177,"column":20}},"94":{"start":{"line":181,"column":21},"end":{"line":181,"column":125}},"95":{"start":{"line":182,"column":4},"end":{"line":182,"column":20}},"96":{"start":{"line":186,"column":4},"end":{"line":186,"column":40}},"97":{"start":{"line":187,"column":4},"end":{"line":187,"column":41}},"98":{"start":{"line":188,"column":4},"end":{"line":188,"column":39}},"99":{"start":{"line":189,"column":4},"end":{"line":189,"column":40}},"100":{"start":{"line":190,"column":4},"end":{"line":190,"column":30}},"101":{"start":{"line":191,"column":4},"end":{"line":191,"column":37}},"102":{"start":{"line":192,"column":4},"end":{"line":194,"column":5}},"103":{"start":{"line":193,"column":6},"end":{"line":193,"column":24}},"104":{"start":{"line":195,"column":35},"end":{"line":195,"column":76}},"105":{"start":{"line":196,"column":39},"end":{"line":196,"column":104}},"106":{"start":{"line":198,"column":22},"end":{"line":198,"column":52}},"107":{"start":{"line":199,"column":4},"end":{"line":199,"column":83}},"108":{"start":{"line":200,"column":4},"end":{"line":200,"column":41}},"109":{"start":{"line":202,"column":22},"end":{"line":202,"column":117}},"110":{"start":{"line":203,"column":4},"end":{"line":203,"column":125}},"111":{"start":{"line":203,"column":76},"end":{"line":203,"column":125}},"112":{"start":{"line":205,"column":4},"end":{"line":205,"column":50}},"113":{"start":{"line":206,"column":4},"end":{"line":206,"column":45}},"114":{"start":{"line":207,"column":4},"end":{"line":207,"column":106}},"115":{"start":{"line":208,"column":4},"end":{"line":208,"column":72}},"116":{"start":{"line":209,"column":4},"end":{"line":209,"column":93}},"117":{"start":{"line":210,"column":4},"end":{"line":210,"column":101}},"118":{"start":{"line":212,"column":4},"end":{"line":222,"column":5}},"119":{"start":{"line":213,"column":21},"end":{"line":213,"column":82}},"120":{"start":{"line":214,"column":6},"end":{"line":214,"column":46}},"121":{"start":{"line":215,"column":6},"end":{"line":217,"column":7}},"122":{"start":{"line":216,"column":8},"end":{"line":216,"column":53}},"123":{"start":{"line":218,"column":6},"end":{"line":221,"column":7}},"124":{"start":{"line":219,"column":37},"end":{"line":219,"column":149}},"125":{"start":{"line":220,"column":8},"end":{"line":220,"column":63}},"126":{"start":{"line":224,"column":4},"end":{"line":224,"column":22}},"127":{"start":{"line":228,"column":16},"end":{"line":228,"column":55}},"128":{"start":{"line":229,"column":18},"end":{"line":229,"column":62}},"129":{"start":{"line":230,"column":17},"end":{"line":230,"column":35}},"130":{"start":{"line":231,"column":4},"end":{"line":231,"column":37}},"131":{"start":{"line":235,"column":18},"end":{"line":235,"column":59}},"132":{"start":{"line":236,"column":19},"end":{"line":236,"column":54}},"133":{"start":{"line":237,"column":4},"end":{"line":237,"column":31}},"134":{"start":{"line":4,"column":0},"end":{"line":4,"column":13}}},"fnMap":{"0":{"name":"(anonymous_7)","decl":{"start":{"line":4,"column":0},"end":{"line":4,"column":13}},"loc":{"start":{"line":4,"column":0},"end":{"line":239,"column":1}}},"1":{"name":"(anonymous_8)","decl":{"start":{"line":9,"column":8},"end":{"line":9,"column":34}},"loc":{"start":{"line":9,"column":34},"end":{"line":16,"column":null}}},"2":{"name":"(anonymous_9)","decl":{"start":{"line":9,"column":35},"end":{"line":9,"column":56}},"loc":{"start":{"line":9,"column":128},"end":{"line":16,"column":3}}},"3":{"name":"(anonymous_10)","decl":{"start":{"line":22,"column":8},"end":{"line":22,"column":15}},"loc":{"start":{"line":22,"column":36},"end":{"line":27,"column":null}}},"4":{"name":"(anonymous_12)","decl":{"start":{"line":33,"column":8},"end":{"line":33,"column":17}},"loc":{"start":{"line":33,"column":30},"end":{"line":38,"column":null}}},"5":{"name":"(anonymous_14)","decl":{"start":{"line":40,"column":8},"end":{"line":40,"column":24}},"loc":{"start":{"line":40,"column":45},"end":{"line":48,"column":null}}},"6":{"name":"(anonymous_16)","decl":{"start":{"line":50,"column":8},"end":{"line":50,"column":33}},"loc":{"start":{"line":50,"column":33},"end":{"line":68,"column":null}}},"7":{"name":"(anonymous_17)","decl":{"start":{"line":50,"column":34},"end":{"line":50,"column":54}},"loc":{"start":{"line":50,"column":86},"end":{"line":68,"column":3}}},"8":{"name":"(anonymous_18)","decl":{"start":{"line":70,"column":8},"end":{"line":70,"column":14}},"loc":{"start":{"line":70,"column":35},"end":{"line":79,"column":null}}},"9":{"name":"(anonymous_20)","decl":{"start":{"line":75,"column":27},"end":{"line":75,"column":28}},"loc":{"start":{"line":75,"column":58},"end":{"line":77,"column":5}}},"10":{"name":"(anonymous_21)","decl":{"start":{"line":81,"column":8},"end":{"line":81,"column":40}},"loc":{"start":{"line":81,"column":75},"end":{"line":89,"column":null}}},"11":{"name":"(anonymous_23)","decl":{"start":{"line":91,"column":8},"end":{"line":91,"column":37}},"loc":{"start":{"line":91,"column":37},"end":{"line":105,"column":null}}},"12":{"name":"(anonymous_24)","decl":{"start":{"line":91,"column":38},"end":{"line":91,"column":57}},"loc":{"start":{"line":91,"column":92},"end":{"line":105,"column":3}}},"13":{"name":"(anonymous_25)","decl":{"start":{"line":107,"column":8},"end":{"line":107,"column":20}},"loc":{"start":{"line":107,"column":20},"end":{"line":128,"column":null}}},"14":{"name":"(anonymous_26)","decl":{"start":{"line":107,"column":21},"end":{"line":107,"column":41}},"loc":{"start":{"line":107,"column":105},"end":{"line":128,"column":3}}},"15":{"name":"(anonymous_27)","decl":{"start":{"line":130,"column":8},"end":{"line":130,"column":14}},"loc":{"start":{"line":130,"column":33},"end":{"line":146,"column":null}}},"16":{"name":"(anonymous_29)","decl":{"start":{"line":131,"column":24},"end":{"line":131,"column":25}},"loc":{"start":{"line":131,"column":44},"end":{"line":143,"column":5}}},"17":{"name":"(anonymous_30)","decl":{"start":{"line":135,"column":51},"end":{"line":135,"column":52}},"loc":{"start":{"line":135,"column":64},"end":{"line":138,"column":11}}},"18":{"name":"(anonymous_31)","decl":{"start":{"line":148,"column":8},"end":{"line":148,"column":35}},"loc":{"start":{"line":148,"column":54},"end":{"line":151,"column":null}}},"19":{"name":"(anonymous_33)","decl":{"start":{"line":153,"column":8},"end":{"line":153,"column":24}},"loc":{"start":{"line":153,"column":60},"end":{"line":156,"column":null}}},"20":{"name":"(anonymous_35)","decl":{"start":{"line":158,"column":8},"end":{"line":158,"column":27}},"loc":{"start":{"line":158,"column":57},"end":{"line":161,"column":null}}},"21":{"name":"(anonymous_37)","decl":{"start":{"line":163,"column":8},"end":{"line":163,"column":14}},"loc":{"start":{"line":163,"column":14},"end":{"line":166,"column":null}}},"22":{"name":"(anonymous_38)","decl":{"start":{"line":163,"column":15},"end":{"line":163,"column":30}},"loc":{"start":{"line":163,"column":100},"end":{"line":166,"column":3}}},"23":{"name":"(anonymous_39)","decl":{"start":{"line":168,"column":8},"end":{"line":168,"column":25}},"loc":{"start":{"line":168,"column":44},"end":{"line":173,"column":null}}},"24":{"name":"(anonymous_41)","decl":{"start":{"line":170,"column":21},"end":{"line":170,"column":22}},"loc":{"start":{"line":170,"column":41},"end":{"line":171,"column":5}}},"25":{"name":"(anonymous_42)","decl":{"start":{"line":175,"column":8},"end":{"line":175,"column":14}},"loc":{"start":{"line":175,"column":35},"end":{"line":178,"column":null}}},"26":{"name":"(anonymous_44)","decl":{"start":{"line":180,"column":8},"end":{"line":180,"column":43}},"loc":{"start":{"line":180,"column":79},"end":{"line":183,"column":null}}},"27":{"name":"(anonymous_46)","decl":{"start":{"line":185,"column":2},"end":{"line":185,"column":20}},"loc":{"start":{"line":185,"column":36},"end":{"line":225,"column":3}}},"28":{"name":"(anonymous_47)","decl":{"start":{"line":227,"column":10},"end":{"line":227,"column":20}},"loc":{"start":{"line":227,"column":31},"end":{"line":232,"column":3}}},"29":{"name":"(anonymous_48)","decl":{"start":{"line":234,"column":10},"end":{"line":234,"column":20}},"loc":{"start":{"line":234,"column":45},"end":{"line":238,"column":3}}}},"branchMap":{"0":{"loc":{"start":{"line":9,"column":58},"end":{"line":9,"column":128}},"type":"default-arg","locations":[{"start":{"line":9,"column":81},"end":{"line":9,"column":128}}]},"1":{"loc":{"start":{"line":50,"column":56},"end":{"line":50,"column":86}},"type":"default-arg","locations":[{"start":{"line":50,"column":80},"end":{"line":50,"column":86}}]},"2":{"loc":{"start":{"line":55,"column":21},"end":{"line":55,"column":62}},"type":"cond-expr","locations":[{"start":{"line":55,"column":47},"end":{"line":55,"column":54}},{"start":{"line":55,"column":57},"end":{"line":55,"column":62}}]},"3":{"loc":{"start":{"line":56,"column":24},"end":{"line":56,"column":130}},"type":"cond-expr","locations":[{"start":{"line":56,"column":50},"end":{"line":56,"column":117}},{"start":{"line":56,"column":120},"end":{"line":56,"column":130}}]},"4":{"loc":{"start":{"line":57,"column":25},"end":{"line":57,"column":66}},"type":"cond-expr","locations":[{"start":{"line":57,"column":51},"end":{"line":57,"column":57}},{"start":{"line":57,"column":60},"end":{"line":57,"column":66}}]},"5":{"loc":{"start":{"line":60,"column":17},"end":{"line":60,"column":143}},"type":"cond-expr","locations":[{"start":{"line":60,"column":43},"end":{"line":60,"column":97}},{"start":{"line":60,"column":100},"end":{"line":60,"column":143}}]},"6":{"loc":{"start":{"line":91,"column":38},"end":{"line":91,"column":92}},"type":"default-arg","locations":[{"start":{"line":91,"column":57},"end":{"line":91,"column":92}}]},"7":{"loc":{"start":{"line":94,"column":13},"end":{"line":94,"column":39}},"type":"binary-expr","locations":[{"start":{"line":94,"column":13},"end":{"line":94,"column":33}},{"start":{"line":94,"column":37},"end":{"line":94,"column":39}}]},"8":{"loc":{"start":{"line":107,"column":43},"end":{"line":107,"column":73}},"type":"default-arg","locations":[{"start":{"line":107,"column":69},"end":{"line":107,"column":73}}]},"9":{"loc":{"start":{"line":107,"column":75},"end":{"line":107,"column":105}},"type":"default-arg","locations":[{"start":{"line":107,"column":99},"end":{"line":107,"column":105}}]},"10":{"loc":{"start":{"line":111,"column":13},"end":{"line":111,"column":39}},"type":"binary-expr","locations":[{"start":{"line":111,"column":13},"end":{"line":111,"column":33}},{"start":{"line":111,"column":37},"end":{"line":111,"column":39}}]},"11":{"loc":{"start":{"line":115,"column":21},"end":{"line":115,"column":62}},"type":"cond-expr","locations":[{"start":{"line":115,"column":47},"end":{"line":115,"column":54}},{"start":{"line":115,"column":57},"end":{"line":115,"column":62}}]},"12":{"loc":{"start":{"line":116,"column":24},"end":{"line":116,"column":130}},"type":"cond-expr","locations":[{"start":{"line":116,"column":50},"end":{"line":116,"column":117}},{"start":{"line":116,"column":120},"end":{"line":116,"column":130}}]},"13":{"loc":{"start":{"line":117,"column":25},"end":{"line":117,"column":66}},"type":"cond-expr","locations":[{"start":{"line":117,"column":51},"end":{"line":117,"column":57}},{"start":{"line":117,"column":60},"end":{"line":117,"column":66}}]},"14":{"loc":{"start":{"line":120,"column":17},"end":{"line":120,"column":143}},"type":"cond-expr","locations":[{"start":{"line":120,"column":43},"end":{"line":120,"column":97}},{"start":{"line":120,"column":100},"end":{"line":120,"column":143}}]},"15":{"loc":{"start":{"line":132,"column":6},"end":{"line":132,"column":84}},"type":"if","locations":[{"start":{"line":132,"column":6},"end":{"line":132,"column":84}}]},"16":{"loc":{"start":{"line":132,"column":10},"end":{"line":132,"column":57}},"type":"binary-expr","locations":[{"start":{"line":132,"column":10},"end":{"line":132,"column":28}},{"start":{"line":132,"column":32},"end":{"line":132,"column":57}}]},"17":{"loc":{"start":{"line":133,"column":6},"end":{"line":142,"column":7}},"type":"if","locations":[{"start":{"line":133,"column":6},"end":{"line":142,"column":7}}]},"18":{"loc":{"start":{"line":155,"column":4},"end":{"line":155,"column":26}},"type":"binary-expr","locations":[{"start":{"line":155,"column":4},"end":{"line":155,"column":12}},{"start":{"line":155,"column":16},"end":{"line":155,"column":26}}]},"19":{"loc":{"start":{"line":163,"column":32},"end":{"line":163,"column":100}},"type":"default-arg","locations":[{"start":{"line":163,"column":74},"end":{"line":163,"column":100}}]},"20":{"loc":{"start":{"line":192,"column":4},"end":{"line":194,"column":5}},"type":"if","locations":[{"start":{"line":192,"column":4},"end":{"line":194,"column":5}}]},"21":{"loc":{"start":{"line":196,"column":39},"end":{"line":196,"column":104}},"type":"cond-expr","locations":[{"start":{"line":196,"column":78},"end":{"line":196,"column":79}},{"start":{"line":196,"column":82},"end":{"line":196,"column":104}}]},"22":{"loc":{"start":{"line":199,"column":18},"end":{"line":199,"column":82}},"type":"cond-expr","locations":[{"start":{"line":199,"column":67},"end":{"line":199,"column":68}},{"start":{"line":199,"column":71},"end":{"line":199,"column":82}}]},"23":{"loc":{"start":{"line":199,"column":18},"end":{"line":199,"column":64}},"type":"binary-expr","locations":[{"start":{"line":199,"column":18},"end":{"line":199,"column":43}},{"start":{"line":199,"column":47},"end":{"line":199,"column":64}}]},"24":{"loc":{"start":{"line":202,"column":22},"end":{"line":202,"column":117}},"type":"cond-expr","locations":[{"start":{"line":202,"column":49},"end":{"line":202,"column":83}},{"start":{"line":202,"column":86},"end":{"line":202,"column":117}}]},"25":{"loc":{"start":{"line":203,"column":4},"end":{"line":203,"column":125}},"type":"if","locations":[{"start":{"line":203,"column":4},"end":{"line":203,"column":125}}]},"26":{"loc":{"start":{"line":203,"column":8},"end":{"line":203,"column":74}},"type":"binary-expr","locations":[{"start":{"line":203,"column":8},"end":{"line":203,"column":33}},{"start":{"line":203,"column":37},"end":{"line":203,"column":74}}]},"27":{"loc":{"start":{"line":212,"column":4},"end":{"line":222,"column":5}},"type":"if","locations":[{"start":{"line":212,"column":4},"end":{"line":222,"column":5}}]},"28":{"loc":{"start":{"line":215,"column":6},"end":{"line":217,"column":7}},"type":"if","locations":[{"start":{"line":215,"column":6},"end":{"line":217,"column":7}}]},"29":{"loc":{"start":{"line":218,"column":6},"end":{"line":221,"column":7}},"type":"if","locations":[{"start":{"line":218,"column":6},"end":{"line":221,"column":7}}]}},"s":{"0":1,"1":1,"2":1,"3":1,"4":1,"5":1,"6":0,"7":0,"8":0,"9":0,"10":0,"11":0,"12":0,"13":0,"14":0,"15":0,"16":0,"17":0,"18":0,"19":0,"20":0,"21":0,"22":0,"23":0,"24":0,"25":0,"26":0,"27":0,"28":0,"29":0,"30":0,"31":0,"32":0,"33":0,"34":0,"35":0,"36":0,"37":0,"38":0,"39":0,"40":0,"41":0,"42":0,"43":0,"44":0,"45":0,"46":0,"47":0,"48":0,"49":0,"50":0,"51":0,"52":0,"53":0,"54":0,"55":0,"56":0,"57":0,"58":0,"59":0,"60":0,"61":0,"62":0,"63":0,"64":0,"65":0,"66":0,"67":0,"68":0,"69":0,"70":0,"71":0,"72":0,"73":0,"74":0,"75":0,"76":0,"77":0,"78":0,"79":0,"80":0,"81":0,"82":0,"83":0,"84":0,"85":0,"86":0,"87":0,"88":0,"89":0,"90":0,"91":0,"92":0,"93":0,"94":0,"95":0,"96":0,"97":0,"98":0,"99":0,"100":0,"101":0,"102":0,"103":0,"104":0,"105":0,"106":0,"107":0,"108":0,"109":0,"110":0,"111":0,"112":0,"113":0,"114":0,"115":0,"116":0,"117":0,"118":0,"119":0,"120":0,"121":0,"122":0,"123":0,"124":0,"125":0,"126":0,"127":0,"128":0,"129":0,"130":0,"131":0,"132":0,"133":0,"134":1},"f":{"0":1,"1":0,"2":0,"3":0,"4":0,"5":0,"6":0,"7":0,"8":0,"9":0,"10":0,"11":0,"12":0,"13":0,"14":0,"15":0,"16":0,"17":0,"18":0,"19":0,"20":0,"21":0,"22":0,"23":0,"24":0,"25":0,"26":0,"27":0,"28":0,"29":0},"b":{"0":[0],"1":[0],"2":[0,0],"3":[0,0],"4":[0,0],"5":[0,0],"6":[0],"7":[0,0],"8":[0],"9":[0],"10":[0,0],"11":[0,0],"12":[0,0],"13":[0,0],"14":[0,0],"15":[0],"16":[0,0],"17":[0],"18":[0,0],"19":[0],"20":[0],"21":[0,0],"22":[0,0],"23":[0,0],"24":[0,0],"25":[0],"26":[0,0],"27":[0],"28":[0],"29":[0]}}
,"C:\\xampp\\htdocs\\verifgood\\VerifgoodSDK\\src\\apiRequests\\Invitations.ts": {"path":"C:\\xampp\\htdocs\\verifgood\\VerifgoodSDK\\src\\apiRequests\\Invitations.ts","statementMap":{"0":{"start":{"line":2,"column":0},"end":{"line":2,"column":46}},"1":{"start":{"line":31,"column":4},"end":{"line":31,"column":42}},"2":{"start":{"line":32,"column":4},"end":{"line":32,"column":51}},"3":{"start":{"line":49,"column":20},"end":{"line":49,"column":222}},"4":{"start":{"line":50,"column":25},"end":{"line":50,"column":64}},"5":{"start":{"line":51,"column":20},"end":{"line":51,"column":61}},"6":{"start":{"line":52,"column":8},"end":{"line":56,"column":10}},"7":{"start":{"line":73,"column":8},"end":{"line":104,"column":9}},"8":{"start":{"line":75,"column":27},"end":{"line":75,"column":95}},"9":{"start":{"line":76,"column":26},"end":{"line":76,"column":46}},"10":{"start":{"line":79,"column":24},"end":{"line":79,"column":85}},"11":{"start":{"line":82,"column":12},"end":{"line":82,"column":64}},"12":{"start":{"line":84,"column":29},"end":{"line":84,"column":68}},"13":{"start":{"line":87,"column":12},"end":{"line":90,"column":13}},"14":{"start":{"line":88,"column":16},"end":{"line":88,"column":67}},"15":{"start":{"line":89,"column":16},"end":{"line":89,"column":71}},"16":{"start":{"line":92,"column":12},"end":{"line":92,"column":28}},"17":{"start":{"line":94,"column":12},"end":{"line":94,"column":62}},"18":{"start":{"line":98,"column":12},"end":{"line":103,"column":14}},"19":{"start":{"line":117,"column":21},"end":{"line":117,"column":92}},"20":{"start":{"line":119,"column":20},"end":{"line":119,"column":88}},"21":{"start":{"line":120,"column":25},"end":{"line":120,"column":64}},"22":{"start":{"line":121,"column":8},"end":{"line":124,"column":10}},"23":{"start":{"line":141,"column":25},"end":{"line":141,"column":110}},"24":{"start":{"line":142,"column":8},"end":{"line":142,"column":24}},"25":{"start":{"line":30,"column":0},"end":{"line":30,"column":13}}},"fnMap":{"0":{"name":"(anonymous_7)","decl":{"start":{"line":30,"column":0},"end":{"line":30,"column":13}},"loc":{"start":{"line":30,"column":0},"end":{"line":144,"column":1}}},"1":{"name":"(anonymous_8)","decl":{"start":{"line":46,"column":10},"end":{"line":46,"column":32}},"loc":{"start":{"line":46,"column":69},"end":{"line":57,"column":null}}},"2":{"name":"(anonymous_10)","decl":{"start":{"line":72,"column":10},"end":{"line":72,"column":25}},"loc":{"start":{"line":72,"column":56},"end":{"line":105,"column":null}}},"3":{"name":"(anonymous_12)","decl":{"start":{"line":116,"column":10},"end":{"line":116,"column":34}},"loc":{"start":{"line":116,"column":45},"end":{"line":125,"column":null}}},"4":{"name":"(anonymous_14)","decl":{"start":{"line":140,"column":10},"end":{"line":140,"column":30}},"loc":{"start":{"line":140,"column":76},"end":{"line":143,"column":null}}}},"branchMap":{"0":{"loc":{"start":{"line":75,"column":46},"end":{"line":75,"column":94}},"type":"binary-expr","locations":[{"start":{"line":75,"column":46},"end":{"line":75,"column":67}},{"start":{"line":75,"column":71},"end":{"line":75,"column":94}}]},"1":{"loc":{"start":{"line":87,"column":12},"end":{"line":90,"column":13}},"type":"if","locations":[{"start":{"line":87,"column":12},"end":{"line":90,"column":13}}]},"2":{"loc":{"start":{"line":87,"column":16},"end":{"line":87,"column":57}},"type":"binary-expr","locations":[{"start":{"line":87,"column":16},"end":{"line":87,"column":25}},{"start":{"line":87,"column":29},"end":{"line":87,"column":57}}]},"3":{"loc":{"start":{"line":99,"column":23},"end":{"line":99,"column":49}},"type":"binary-expr","locations":[{"start":{"line":99,"column":23},"end":{"line":99,"column":43}},{"start":{"line":99,"column":47},"end":{"line":99,"column":49}}]},"4":{"loc":{"start":{"line":117,"column":21},"end":{"line":117,"column":92}},"type":"cond-expr","locations":[{"start":{"line":117,"column":51},"end":{"line":117,"column":66}},{"start":{"line":117,"column":69},"end":{"line":117,"column":92}}]},"5":{"loc":{"start":{"line":117,"column":21},"end":{"line":117,"column":48}},"type":"binary-expr","locations":[{"start":{"line":117,"column":21},"end":{"line":117,"column":29}},{"start":{"line":117,"column":33},"end":{"line":117,"column":48}}]}},"s":{"0":1,"1":1,"2":1,"3":0,"4":0,"5":0,"6":0,"7":0,"8":0,"9":0,"10":0,"11":0,"12":0,"13":0,"14":0,"15":0,"16":0,"17":0,"18":0,"19":0,"20":0,"21":0,"22":0,"23":0,"24":0,"25":1},"f":{"0":1,"1":0,"2":0,"3":0,"4":0},"b":{"0":[0,0],"1":[0],"2":[0,0],"3":[0,0],"4":[0,0],"5":[0,0]}}
,"C:\\xampp\\htdocs\\verifgood\\VerifgoodSDK\\src\\apiRequests\\Lieux.ts": {"path":"C:\\xampp\\htdocs\\verifgood\\VerifgoodSDK\\src\\apiRequests\\Lieux.ts","statementMap":{"0":{"start":{"line":2,"column":0},"end":{"line":2,"column":46}},"1":{"start":{"line":5,"column":2},"end":{"line":5,"column":34}},"2":{"start":{"line":6,"column":2},"end":{"line":6,"column":42}},"3":{"start":{"line":9,"column":4},"end":{"line":9,"column":52}},"4":{"start":{"line":4,"column":0},"end":{"line":4,"column":13}}},"fnMap":{"0":{"name":"(anonymous_7)","decl":{"start":{"line":4,"column":0},"end":{"line":4,"column":13}},"loc":{"start":{"line":4,"column":0},"end":{"line":11,"column":1}}},"1":{"name":"(anonymous_8)","decl":{"start":{"line":7,"column":8},"end":{"line":7,"column":16}},"loc":{"start":{"line":7,"column":62},"end":{"line":10,"column":null}}}},"branchMap":{},"s":{"0":1,"1":1,"2":1,"3":0,"4":1},"f":{"0":1,"1":0},"b":{}}
,"C:\\xampp\\htdocs\\verifgood\\VerifgoodSDK\\src\\apiRequests\\Messaging.ts": {"path":"C:\\xampp\\htdocs\\verifgood\\VerifgoodSDK\\src\\apiRequests\\Messaging.ts","statementMap":{"0":{"start":{"line":1,"column":0},"end":{"line":1,"column":48}},"1":{"start":{"line":8,"column":2},"end":{"line":8,"column":32}},"2":{"start":{"line":9,"column":2},"end":{"line":9,"column":41}},"3":{"start":{"line":18,"column":16},"end":{"line":18,"column":53}},"4":{"start":{"line":19,"column":20},"end":{"line":19,"column":42}},"5":{"start":{"line":20,"column":4},"end":{"line":20,"column":55}},"6":{"start":{"line":30,"column":16},"end":{"line":30,"column":55}},"7":{"start":{"line":31,"column":20},"end":{"line":31,"column":42}},"8":{"start":{"line":32,"column":4},"end":{"line":32,"column":55}},"9":{"start":{"line":42,"column":16},"end":{"line":42,"column":54}},"10":{"start":{"line":43,"column":4},"end":{"line":43,"column":55}},"11":{"start":{"line":53,"column":16},"end":{"line":53,"column":57}},"12":{"start":{"line":54,"column":4},"end":{"line":54,"column":55}},"13":{"start":{"line":7,"column":0},"end":{"line":7,"column":13}}},"fnMap":{"0":{"name":"(anonymous_7)","decl":{"start":{"line":7,"column":0},"end":{"line":7,"column":13}},"loc":{"start":{"line":7,"column":0},"end":{"line":56,"column":1}}},"1":{"name":"(anonymous_8)","decl":{"start":{"line":17,"column":8},"end":{"line":17,"column":24}},"loc":{"start":{"line":17,"column":59},"end":{"line":21,"column":null}}},"2":{"name":"(anonymous_10)","decl":{"start":{"line":29,"column":8},"end":{"line":29,"column":28}},"loc":{"start":{"line":29,"column":63},"end":{"line":33,"column":null}}},"3":{"name":"(anonymous_12)","decl":{"start":{"line":41,"column":8},"end":{"line":41,"column":26}},"loc":{"start":{"line":41,"column":68},"end":{"line":44,"column":null}}},"4":{"name":"(anonymous_14)","decl":{"start":{"line":52,"column":8},"end":{"line":52,"column":27}},"loc":{"start":{"line":52,"column":75},"end":{"line":55,"column":null}}}},"branchMap":{},"s":{"0":1,"1":1,"2":1,"3":0,"4":0,"5":0,"6":0,"7":0,"8":0,"9":0,"10":0,"11":0,"12":0,"13":1},"f":{"0":1,"1":0,"2":0,"3":0,"4":0},"b":{}}
,"C:\\xampp\\htdocs\\verifgood\\VerifgoodSDK\\src\\apiRequests\\SharedLinks.ts": {"path":"C:\\xampp\\htdocs\\verifgood\\VerifgoodSDK\\src\\apiRequests\\SharedLinks.ts","statementMap":{"0":{"start":{"line":1,"column":0},"end":{"line":1,"column":46}},"1":{"start":{"line":12,"column":16},"end":{"line":12,"column":40}},"2":{"start":{"line":14,"column":2},"end":{"line":14,"column":41}},"3":{"start":{"line":15,"column":2},"end":{"line":15,"column":50}},"4":{"start":{"line":13,"column":0},"end":{"line":13,"column":13}}},"fnMap":{"0":{"name":"(anonymous_0)","decl":{"start":{"line":13,"column":0},"end":{"line":13,"column":13}},"loc":{"start":{"line":13,"column":0},"end":{"line":16,"column":1}}}},"branchMap":{},"s":{"0":1,"1":1,"2":2,"3":2,"4":1},"f":{"0":2},"b":{}}
,"C:\\xampp\\htdocs\\verifgood\\VerifgoodSDK\\src\\apiRequests\\Taches.ts": {"path":"C:\\xampp\\htdocs\\verifgood\\VerifgoodSDK\\src\\apiRequests\\Taches.ts","statementMap":{"0":{"start":{"line":1,"column":0},"end":{"line":1,"column":46}},"1":{"start":{"line":2,"column":0},"end":{"line":2,"column":42}},"2":{"start":{"line":10,"column":8},"end":{"line":10,"column":32}},"3":{"start":{"line":6,"column":4},"end":{"line":6,"column":37}},"4":{"start":{"line":7,"column":4},"end":{"line":7,"column":45}},"5":{"start":{"line":11,"column":8},"end":{"line":11,"column":64}},"6":{"start":{"line":5,"column":0},"end":{"line":5,"column":13}}},"fnMap":{"0":{"name":"(anonymous_0)","decl":{"start":{"line":9,"column":4},"end":{"line":9,"column":16}},"loc":{"start":{"line":9,"column":45},"end":{"line":12,"column":5}}}},"branchMap":{},"s":{"0":1,"1":1,"2":1,"3":1,"4":1,"5":1,"6":1},"f":{"0":1},"b":{}}
,"C:\\xampp\\htdocs\\verifgood\\VerifgoodSDK\\src\\apiRequests\\Verifications.ts": {"path":"C:\\xampp\\htdocs\\verifgood\\VerifgoodSDK\\src\\apiRequests\\Verifications.ts","statementMap":{"0":{"start":{"line":1,"column":0},"end":{"line":1,"column":46}},"1":{"start":{"line":2,"column":0},"end":{"line":2,"column":48}},"2":{"start":{"line":48,"column":4},"end":{"line":48,"column":44}},"3":{"start":{"line":49,"column":4},"end":{"line":49,"column":52}},"4":{"start":{"line":57,"column":8},"end":{"line":57,"column":66}},"5":{"start":{"line":67,"column":28},"end":{"line":76,"column":null}},"6":{"start":{"line":68,"column":24},"end":{"line":68,"column":77}},"7":{"start":{"line":69,"column":23},"end":{"line":69,"column":78}},"8":{"start":{"line":71,"column":8},"end":{"line":73,"column":9}},"9":{"start":{"line":72,"column":12},"end":{"line":72,"column":38}},"10":{"start":{"line":75,"column":8},"end":{"line":75,"column":54}},"11":{"start":{"line":84,"column":8},"end":{"line":84,"column":54}},"12":{"start":{"line":93,"column":22},"end":{"line":95,"column":10}},"13":{"start":{"line":97,"column":8},"end":{"line":97,"column":71}},"14":{"start":{"line":106,"column":8},"end":{"line":106,"column":100}},"15":{"start":{"line":116,"column":22},"end":{"line":118,"column":10}},"16":{"start":{"line":120,"column":8},"end":{"line":120,"column":78}},"17":{"start":{"line":129,"column":22},"end":{"line":131,"column":10}},"18":{"start":{"line":133,"column":8},"end":{"line":133,"column":87}},"19":{"start":{"line":143,"column":24},"end":{"line":149,"column":null}},"20":{"start":{"line":144,"column":22},"end":{"line":146,"column":10}},"21":{"start":{"line":148,"column":8},"end":{"line":148,"column":89}},"22":{"start":{"line":156,"column":28},"end":{"line":159,"column":null}},"23":{"start":{"line":157,"column":30},"end":{"line":157,"column":68}},"24":{"start":{"line":158,"column":8},"end":{"line":158,"column":70}},"25":{"start":{"line":167,"column":8},"end":{"line":175,"column":12}},"26":{"start":{"line":167,"column":59},"end":{"line":175,"column":10}},"27":{"start":{"line":188,"column":8},"end":{"line":188,"column":100}},"28":{"start":{"line":198,"column":43},"end":{"line":210,"column":null}},"29":{"start":{"line":199,"column":25},"end":{"line":199,"column":66}},"30":{"start":{"line":202,"column":22},"end":{"line":205,"column":10}},"31":{"start":{"line":209,"column":8},"end":{"line":209,"column":110}},"32":{"start":{"line":47,"column":0},"end":{"line":47,"column":13}}},"fnMap":{"0":{"name":"(anonymous_7)","decl":{"start":{"line":47,"column":0},"end":{"line":47,"column":13}},"loc":{"start":{"line":47,"column":0},"end":{"line":211,"column":1}}},"1":{"name":"(anonymous_8)","decl":{"start":{"line":56,"column":10},"end":{"line":56,"column":29}},"loc":{"start":{"line":56,"column":50},"end":{"line":58,"column":null}}},"2":{"name":"(anonymous_10)","decl":{"start":{"line":67,"column":10},"end":{"line":67,"column":27}},"loc":{"start":{"line":67,"column":27},"end":{"line":76,"column":null}}},"3":{"name":"(anonymous_11)","decl":{"start":{"line":67,"column":28},"end":{"line":67,"column":48}},"loc":{"start":{"line":67,"column":112},"end":{"line":76,"column":5}}},"4":{"name":"(anonymous_12)","decl":{"start":{"line":83,"column":10},"end":{"line":83,"column":26}},"loc":{"start":{"line":83,"column":47},"end":{"line":85,"column":null}}},"5":{"name":"(anonymous_14)","decl":{"start":{"line":92,"column":10},"end":{"line":92,"column":46}},"loc":{"start":{"line":92,"column":67},"end":{"line":98,"column":null}}},"6":{"name":"(anonymous_16)","decl":{"start":{"line":105,"column":10},"end":{"line":105,"column":38}},"loc":{"start":{"line":105,"column":61},"end":{"line":107,"column":null}}},"7":{"name":"(anonymous_18)","decl":{"start":{"line":115,"column":10},"end":{"line":115,"column":24}},"loc":{"start":{"line":115,"column":66},"end":{"line":121,"column":null}}},"8":{"name":"(anonymous_20)","decl":{"start":{"line":128,"column":10},"end":{"line":128,"column":43}},"loc":{"start":{"line":128,"column":64},"end":{"line":134,"column":null}}},"9":{"name":"(anonymous_22)","decl":{"start":{"line":143,"column":10},"end":{"line":143,"column":23}},"loc":{"start":{"line":143,"column":23},"end":{"line":149,"column":null}}},"10":{"name":"(anonymous_23)","decl":{"start":{"line":143,"column":24},"end":{"line":143,"column":39}},"loc":{"start":{"line":143,"column":107},"end":{"line":149,"column":5}}},"11":{"name":"(anonymous_24)","decl":{"start":{"line":156,"column":10},"end":{"line":156,"column":27}},"loc":{"start":{"line":156,"column":27},"end":{"line":159,"column":null}}},"12":{"name":"(anonymous_25)","decl":{"start":{"line":156,"column":28},"end":{"line":156,"column":51}},"loc":{"start":{"line":156,"column":66},"end":{"line":159,"column":5}}},"13":{"name":"(anonymous_26)","decl":{"start":{"line":166,"column":12},"end":{"line":166,"column":34}},"loc":{"start":{"line":166,"column":64},"end":{"line":176,"column":5}}},"14":{"name":"(anonymous_27)","decl":{"start":{"line":167,"column":33},"end":{"line":167,"column":34}},"loc":{"start":{"line":167,"column":59},"end":{"line":175,"column":10}}},"15":{"name":"(anonymous_28)","decl":{"start":{"line":183,"column":10},"end":{"line":183,"column":20}},"loc":{"start":{"line":183,"column":43},"end":{"line":189,"column":null}}},"16":{"name":"(anonymous_30)","decl":{"start":{"line":198,"column":10},"end":{"line":198,"column":42}},"loc":{"start":{"line":198,"column":42},"end":{"line":210,"column":null}}},"17":{"name":"(anonymous_31)","decl":{"start":{"line":198,"column":43},"end":{"line":198,"column":63}},"loc":{"start":{"line":198,"column":123},"end":{"line":210,"column":5}}}},"branchMap":{"0":{"loc":{"start":{"line":67,"column":68},"end":{"line":67,"column":112}},"type":"default-arg","locations":[{"start":{"line":67,"column":107},"end":{"line":67,"column":112}}]},"1":{"loc":{"start":{"line":68,"column":24},"end":{"line":68,"column":77}},"type":"cond-expr","locations":[{"start":{"line":68,"column":54},"end":{"line":68,"column":66}},{"start":{"line":68,"column":69},"end":{"line":68,"column":77}}]},"2":{"loc":{"start":{"line":71,"column":8},"end":{"line":73,"column":9}},"type":"if","locations":[{"start":{"line":71,"column":8},"end":{"line":73,"column":9}}]},"3":{"loc":{"start":{"line":130,"column":23},"end":{"line":130,"column":106}},"type":"cond-expr","locations":[{"start":{"line":130,"column":61},"end":{"line":130,"column":99}},{"start":{"line":130,"column":102},"end":{"line":130,"column":106}}]},"4":{"loc":{"start":{"line":143,"column":41},"end":{"line":143,"column":67}},"type":"default-arg","locations":[{"start":{"line":143,"column":63},"end":{"line":143,"column":67}}]},"5":{"loc":{"start":{"line":143,"column":69},"end":{"line":143,"column":107}},"type":"default-arg","locations":[{"start":{"line":143,"column":92},"end":{"line":143,"column":107}}]},"6":{"loc":{"start":{"line":156,"column":28},"end":{"line":156,"column":66}},"type":"default-arg","locations":[{"start":{"line":156,"column":51},"end":{"line":156,"column":66}}]},"7":{"loc":{"start":{"line":158,"column":43},"end":{"line":158,"column":68}},"type":"binary-expr","locations":[{"start":{"line":158,"column":43},"end":{"line":158,"column":62}},{"start":{"line":158,"column":66},"end":{"line":158,"column":68}}]},"8":{"loc":{"start":{"line":170,"column":19},"end":{"line":170,"column":47}},"type":"binary-expr","locations":[{"start":{"line":170,"column":19},"end":{"line":170,"column":41}},{"start":{"line":170,"column":45},"end":{"line":170,"column":47}}]},"9":{"loc":{"start":{"line":171,"column":17},"end":{"line":171,"column":45}},"type":"binary-expr","locations":[{"start":{"line":171,"column":17},"end":{"line":171,"column":39}},{"start":{"line":171,"column":43},"end":{"line":171,"column":45}}]},"10":{"loc":{"start":{"line":198,"column":65},"end":{"line":198,"column":95}},"type":"default-arg","locations":[{"start":{"line":198,"column":89},"end":{"line":198,"column":95}}]},"11":{"loc":{"start":{"line":198,"column":97},"end":{"line":198,"column":123}},"type":"default-arg","locations":[{"start":{"line":198,"column":119},"end":{"line":198,"column":123}}]},"12":{"loc":{"start":{"line":199,"column":25},"end":{"line":199,"column":66}},"type":"cond-expr","locations":[{"start":{"line":199,"column":51},"end":{"line":199,"column":58}},{"start":{"line":199,"column":61},"end":{"line":199,"column":66}}]}},"s":{"0":1,"1":1,"2":1,"3":1,"4":0,"5":0,"6":0,"7":0,"8":0,"9":0,"10":0,"11":0,"12":0,"13":0,"14":0,"15":0,"16":0,"17":0,"18":0,"19":0,"20":0,"21":0,"22":0,"23":0,"24":0,"25":0,"26":0,"27":0,"28":0,"29":0,"30":0,"31":0,"32":1},"f":{"0":1,"1":0,"2":0,"3":0,"4":0,"5":0,"6":0,"7":0,"8":0,"9":0,"10":0,"11":0,"12":0,"13":0,"14":0,"15":0,"16":0,"17":0},"b":{"0":[0],"1":[0,0],"2":[0],"3":[0,0],"4":[0],"5":[0],"6":[0],"7":[0,0],"8":[0,0],"9":[0,0],"10":[0],"11":[0],"12":[0,0]}}
,"C:\\xampp\\htdocs\\verifgood\\VerifgoodSDK\\src\\core\\ApiRequest.ts": {"path":"C:\\xampp\\htdocs\\verifgood\\VerifgoodSDK\\src\\core\\ApiRequest.ts","statementMap":{"0":{"start":{"line":2,"column":0},"end":{"line":2,"column":40}},"1":{"start":{"line":17,"column":8},"end":{"line":17,"column":32}},"2":{"start":{"line":20,"column":8},"end":{"line":20,"column":54}},"3":{"start":{"line":24,"column":8},"end":{"line":24,"column":79}},"4":{"start":{"line":28,"column":8},"end":{"line":28,"column":49}},"5":{"start":{"line":32,"column":8},"end":{"line":32,"column":68}},"6":{"start":{"line":36,"column":8},"end":{"line":36,"column":62}},"7":{"start":{"line":13,"column":0},"end":{"line":13,"column":22}}},"fnMap":{"0":{"name":"(anonymous_7)","decl":{"start":{"line":16,"column":4},"end":{"line":16,"column":16}},"loc":{"start":{"line":16,"column":46},"end":{"line":18,"column":5}}},"1":{"name":"(anonymous_8)","decl":{"start":{"line":19,"column":10},"end":{"line":19,"column":16}},"loc":{"start":{"line":19,"column":37},"end":{"line":21,"column":null}}},"2":{"name":"(anonymous_10)","decl":{"start":{"line":23,"column":10},"end":{"line":23,"column":17}},"loc":{"start":{"line":23,"column":28},"end":{"line":25,"column":null}}},"3":{"name":"(anonymous_12)","decl":{"start":{"line":27,"column":10},"end":{"line":27,"column":16}},"loc":{"start":{"line":27,"column":27},"end":{"line":29,"column":null}}},"4":{"name":"(anonymous_14)","decl":{"start":{"line":31,"column":10},"end":{"line":31,"column":16}},"loc":{"start":{"line":31,"column":39},"end":{"line":33,"column":null}}},"5":{"name":"(anonymous_16)","decl":{"start":{"line":35,"column":10},"end":{"line":35,"column":16}},"loc":{"start":{"line":35,"column":27},"end":{"line":37,"column":null}}}},"branchMap":{},"s":{"0":4,"1":21,"2":2,"3":1,"4":2,"5":1,"6":1,"7":4},"f":{"0":21,"1":2,"2":1,"3":2,"4":1,"5":1},"b":{}}
,"C:\\xampp\\htdocs\\verifgood\\VerifgoodSDK\\src\\core\\Auth.ts": {"path":"C:\\xampp\\htdocs\\verifgood\\VerifgoodSDK\\src\\core\\Auth.ts","statementMap":{"0":{"start":{"line":4,"column":2},"end":{"line":6,"column":4}},"1":{"start":{"line":7,"column":2},"end":{"line":7,"column":23}},"2":{"start":{"line":9,"column":4},"end":{"line":9,"column":25}},"3":{"start":{"line":10,"column":4},"end":{"line":10,"column":32}},"4":{"start":{"line":13,"column":4},"end":{"line":13,"column":25}},"5":{"start":{"line":16,"column":4},"end":{"line":16,"column":23}},"6":{"start":{"line":3,"column":0},"end":{"line":3,"column":13}}},"fnMap":{"0":{"name":"(anonymous_0)","decl":{"start":{"line":8,"column":2},"end":{"line":8,"column":14}},"loc":{"start":{"line":8,"column":38},"end":{"line":11,"column":3}}},"1":{"name":"(anonymous_1)","decl":{"start":{"line":12,"column":2},"end":{"line":12,"column":11}},"loc":{"start":{"line":12,"column":26},"end":{"line":14,"column":3}}},"2":{"name":"(anonymous_2)","decl":{"start":{"line":15,"column":2},"end":{"line":15,"column":11}},"loc":{"start":{"line":15,"column":11},"end":{"line":17,"column":3}}}},"branchMap":{},"s":{"0":16,"1":16,"2":16,"3":16,"4":0,"5":12,"6":4},"f":{"0":16,"1":0,"2":12},"b":{}}
,"C:\\xampp\\htdocs\\verifgood\\VerifgoodSDK\\src\\core\\HttpClient.ts": {"path":"C:\\xampp\\htdocs\\verifgood\\VerifgoodSDK\\src\\core\\HttpClient.ts","statementMap":{"0":{"start":{"line":1,"column":0},"end":{"line":1,"column":37}},"1":{"start":{"line":10,"column":4},"end":{"line":10,"column":21}},"2":{"start":{"line":11,"column":4},"end":{"line":11,"column":33}},"3":{"start":{"line":16,"column":18},"end":{"line":16,"column":20}},"4":{"start":{"line":17,"column":4},"end":{"line":26,"column":5}},"5":{"start":{"line":18,"column":24},"end":{"line":18,"column":42}},"6":{"start":{"line":19,"column":6},"end":{"line":25,"column":9}},"7":{"start":{"line":20,"column":8},"end":{"line":24,"column":9}},"8":{"start":{"line":21,"column":10},"end":{"line":21,"column":45}},"9":{"start":{"line":23,"column":10},"end":{"line":23,"column":45}},"10":{"start":{"line":27,"column":4},"end":{"line":31,"column":5}},"11":{"start":{"line":28,"column":6},"end":{"line":28,"column":52}},"12":{"start":{"line":30,"column":6},"end":{"line":30,"column":53}},"13":{"start":{"line":32,"column":4},"end":{"line":32,"column":65}},"14":{"start":{"line":36,"column":4},"end":{"line":36,"column":51}},"15":{"start":{"line":40,"column":4},"end":{"line":40,"column":50}},"16":{"start":{"line":44,"column":4},"end":{"line":44,"column":53}},"17":{"start":{"line":53,"column":16},"end":{"line":53,"column":22}},"18":{"start":{"line":54,"column":4},"end":{"line":56,"column":5}},"19":{"start":{"line":55,"column":6},"end":{"line":55,"column":61}},"20":{"start":{"line":57,"column":4},"end":{"line":57,"column":17}},"21":{"start":{"line":61,"column":4},"end":{"line":98,"column":5}},"22":{"start":{"line":62,"column":21},"end":{"line":62,"column":48}},"23":{"start":{"line":63,"column":6},"end":{"line":63,"column":48}},"24":{"start":{"line":65,"column":35},"end":{"line":68,"column":8}},"25":{"start":{"line":70,"column":35},"end":{"line":73,"column":8}},"26":{"start":{"line":75,"column":6},"end":{"line":77,"column":7}},"27":{"start":{"line":76,"column":8},"end":{"line":76,"column":44}},"28":{"start":{"line":79,"column":23},"end":{"line":79,"column":76}},"29":{"start":{"line":81,"column":27},"end":{"line":81,"column":48}},"30":{"start":{"line":82,"column":6},"end":{"line":90,"column":7}},"31":{"start":{"line":83,"column":22},"end":{"line":87,"column":10}},"32":{"start":{"line":88,"column":8},"end":{"line":88,"column":31}},"33":{"start":{"line":89,"column":8},"end":{"line":89,"column":20}},"34":{"start":{"line":92,"column":27},"end":{"line":92,"column":71}},"35":{"start":{"line":93,"column":6},"end":{"line":93,"column":39}},"36":{"start":{"line":94,"column":6},"end":{"line":94,"column":26}},"37":{"start":{"line":96,"column":6},"end":{"line":96,"column":29}},"38":{"start":{"line":97,"column":6},"end":{"line":97,"column":18}},"39":{"start":{"line":5,"column":0},"end":{"line":5,"column":13}}},"fnMap":{"0":{"name":"(anonymous_8)","decl":{"start":{"line":9,"column":2},"end":{"line":9,"column":14}},"loc":{"start":{"line":9,"column":44},"end":{"line":12,"column":3}}},"1":{"name":"(anonymous_9)","decl":{"start":{"line":14,"column":8},"end":{"line":14,"column":11}},"loc":{"start":{"line":14,"column":86},"end":{"line":33,"column":null}}},"2":{"name":"(anonymous_11)","decl":{"start":{"line":19,"column":24},"end":{"line":19,"column":25}},"loc":{"start":{"line":19,"column":39},"end":{"line":25,"column":7}}},"3":{"name":"(anonymous_12)","decl":{"start":{"line":35,"column":8},"end":{"line":35,"column":12}},"loc":{"start":{"line":35,"column":40},"end":{"line":37,"column":null}}},"4":{"name":"(anonymous_14)","decl":{"start":{"line":39,"column":8},"end":{"line":39,"column":11}},"loc":{"start":{"line":39,"column":39},"end":{"line":41,"column":null}}},"5":{"name":"(anonymous_16)","decl":{"start":{"line":43,"column":8},"end":{"line":43,"column":14}},"loc":{"start":{"line":43,"column":31},"end":{"line":45,"column":null}}},"6":{"name":"(anonymous_18)","decl":{"start":{"line":52,"column":2},"end":{"line":52,"column":15}},"loc":{"start":{"line":52,"column":36},"end":{"line":58,"column":3}}},"7":{"name":"(anonymous_19)","decl":{"start":{"line":60,"column":8},"end":{"line":60,"column":18}},"loc":{"start":{"line":60,"column":62},"end":{"line":99,"column":null}}}},"branchMap":{"0":{"loc":{"start":{"line":17,"column":4},"end":{"line":26,"column":5}},"type":"if","locations":[{"start":{"line":17,"column":4},"end":{"line":26,"column":5}}]},"1":{"loc":{"start":{"line":20,"column":8},"end":{"line":24,"column":9}},"type":"if","locations":[{"start":{"line":20,"column":8},"end":{"line":24,"column":9}},{"start":{"line":22,"column":15},"end":{"line":24,"column":9}}]},"2":{"loc":{"start":{"line":27,"column":4},"end":{"line":31,"column":5}},"type":"if","locations":[{"start":{"line":27,"column":4},"end":{"line":31,"column":5}},{"start":{"line":29,"column":9},"end":{"line":31,"column":5}}]},"3":{"loc":{"start":{"line":54,"column":4},"end":{"line":56,"column":5}},"type":"if","locations":[{"start":{"line":54,"column":4},"end":{"line":56,"column":5}}]},"4":{"loc":{"start":{"line":75,"column":6},"end":{"line":77,"column":7}},"type":"if","locations":[{"start":{"line":75,"column":6},"end":{"line":77,"column":7}}]},"5":{"loc":{"start":{"line":82,"column":6},"end":{"line":90,"column":7}},"type":"if","locations":[{"start":{"line":82,"column":6},"end":{"line":90,"column":7}}]},"6":{"loc":{"start":{"line":92,"column":27},"end":{"line":92,"column":71}},"type":"cond-expr","locations":[{"start":{"line":92,"column":42},"end":{"line":92,"column":66}},{"start":{"line":92,"column":69},"end":{"line":92,"column":71}}]}},"s":{"0":4,"1":21,"2":21,"3":5,"4":5,"5":4,"6":4,"7":5,"8":4,"9":1,"10":5,"11":1,"12":4,"13":5,"14":1,"15":6,"16":0,"17":5,"18":5,"19":5,"20":5,"21":12,"22":12,"23":12,"24":12,"25":12,"26":12,"27":7,"28":12,"29":12,"30":12,"31":0,"32":0,"33":0,"34":12,"35":12,"36":12,"37":0,"38":0,"39":4},"f":{"0":21,"1":5,"2":5,"3":1,"4":6,"5":0,"6":5,"7":12},"b":{"0":[4],"1":[4,1],"2":[1,4],"3":[5],"4":[7],"5":[0],"6":[12,0]}}
,"C:\\xampp\\htdocs\\verifgood\\VerifgoodSDK\\src\\core\\Metadatas.ts": {"path":"C:\\xampp\\htdocs\\verifgood\\VerifgoodSDK\\src\\core\\Metadatas.ts","statementMap":{"0":{"start":{"line":17,"column":8},"end":{"line":17,"column":33}},"1":{"start":{"line":18,"column":8},"end":{"line":18,"column":26}},"2":{"start":{"line":19,"column":8},"end":{"line":19,"column":29}},"3":{"start":{"line":20,"column":8},"end":{"line":20,"column":37}},"4":{"start":{"line":21,"column":8},"end":{"line":21,"column":26}},"5":{"start":{"line":30,"column":8},"end":{"line":30,"column":87}},"6":{"start":{"line":31,"column":8},"end":{"line":31,"column":20}},"7":{"start":{"line":39,"column":8},"end":{"line":41,"column":9}},"8":{"start":{"line":40,"column":12},"end":{"line":40,"column":35}},"9":{"start":{"line":42,"column":112},"end":{"line":42,"column":114}},"10":{"start":{"line":43,"column":8},"end":{"line":45,"column":11}},"11":{"start":{"line":44,"column":12},"end":{"line":44,"column":82}},"12":{"start":{"line":46,"column":8},"end":{"line":46,"column":43}},"13":{"start":{"line":47,"column":8},"end":{"line":47,"column":28}},"14":{"start":{"line":55,"column":34},"end":{"line":55,"column":102}},"15":{"start":{"line":55,"column":75},"end":{"line":55,"column":101}},"16":{"start":{"line":56,"column":8},"end":{"line":61,"column":9}},"17":{"start":{"line":57,"column":12},"end":{"line":57,"column":65}},"18":{"start":{"line":58,"column":12},"end":{"line":58,"column":63}},"19":{"start":{"line":60,"column":12},"end":{"line":60,"column":82}},"20":{"start":{"line":69,"column":8},"end":{"line":69,"column":91}},"21":{"start":{"line":69,"column":56},"end":{"line":69,"column":82}},"22":{"start":{"line":78,"column":8},"end":{"line":78,"column":49}},"23":{"start":{"line":87,"column":8},"end":{"line":87,"column":38}},"24":{"start":{"line":95,"column":8},"end":{"line":95,"column":34}},"25":{"start":{"line":103,"column":8},"end":{"line":103,"column":26}},"26":{"start":{"line":104,"column":8},"end":{"line":104,"column":20}},"27":{"start":{"line":113,"column":8},"end":{"line":113,"column":40}},"28":{"start":{"line":122,"column":8},"end":{"line":122,"column":41}},"29":{"start":{"line":130,"column":8},"end":{"line":130,"column":40}},"30":{"start":{"line":138,"column":20},"end":{"line":138,"column":45}},"31":{"start":{"line":139,"column":8},"end":{"line":143,"column":11}},"32":{"start":{"line":140,"column":12},"end":{"line":142,"column":13}},"33":{"start":{"line":141,"column":16},"end":{"line":141,"column":42}},"34":{"start":{"line":144,"column":8},"end":{"line":148,"column":10}},"35":{"start":{"line":157,"column":8},"end":{"line":157,"column":25}},"36":{"start":{"line":158,"column":8},"end":{"line":158,"column":20}},"37":{"start":{"line":168,"column":8},"end":{"line":168,"column":72}},"38":{"start":{"line":176,"column":8},"end":{"line":176,"column":25}},"39":{"start":{"line":186,"column":8},"end":{"line":186,"column":31}},"40":{"start":{"line":187,"column":8},"end":{"line":187,"column":20}},"41":{"start":{"line":196,"column":8},"end":{"line":196,"column":33}},"42":{"start":{"line":197,"column":8},"end":{"line":197,"column":20}},"43":{"start":{"line":205,"column":8},"end":{"line":205,"column":29}},"44":{"start":{"line":214,"column":27},"end":{"line":214,"column":49}},"45":{"start":{"line":215,"column":29},"end":{"line":215,"column":89}},"46":{"start":{"line":215,"column":61},"end":{"line":215,"column":88}},"47":{"start":{"line":216,"column":8},"end":{"line":220,"column":11}},"48":{"start":{"line":217,"column":12},"end":{"line":219,"column":13}},"49":{"start":{"line":218,"column":16},"end":{"line":218,"column":85}},"50":{"start":{"line":221,"column":8},"end":{"line":221,"column":60}},"51":{"start":{"line":222,"column":8},"end":{"line":222,"column":20}},"52":{"start":{"line":230,"column":8},"end":{"line":230,"column":28}},"53":{"start":{"line":239,"column":8},"end":{"line":239,"column":34}},"54":{"start":{"line":248,"column":8},"end":{"line":248,"column":37}},"55":{"start":{"line":249,"column":8},"end":{"line":249,"column":20}},"56":{"start":{"line":9,"column":0},"end":{"line":9,"column":13}}},"fnMap":{"0":{"name":"(anonymous_0)","decl":{"start":{"line":16,"column":4},"end":{"line":16,"column":16}},"loc":{"start":{"line":16,"column":29},"end":{"line":22,"column":5}}},"1":{"name":"(anonymous_1)","decl":{"start":{"line":29,"column":4},"end":{"line":29,"column":13}},"loc":{"start":{"line":29,"column":77},"end":{"line":32,"column":5}}},"2":{"name":"(anonymous_2)","decl":{"start":{"line":38,"column":4},"end":{"line":38,"column":23}},"loc":{"start":{"line":38,"column":94},"end":{"line":48,"column":5}}},"3":{"name":"(anonymous_3)","decl":{"start":{"line":43,"column":24},"end":{"line":43,"column":25}},"loc":{"start":{"line":43,"column":35},"end":{"line":45,"column":9}}},"4":{"name":"(anonymous_4)","decl":{"start":{"line":54,"column":4},"end":{"line":54,"column":12}},"loc":{"start":{"line":54,"column":42},"end":{"line":62,"column":5}}},"5":{"name":"(anonymous_5)","decl":{"start":{"line":55,"column":60},"end":{"line":55,"column":61}},"loc":{"start":{"line":55,"column":75},"end":{"line":55,"column":101}}},"6":{"name":"(anonymous_6)","decl":{"start":{"line":68,"column":4},"end":{"line":68,"column":14}},"loc":{"start":{"line":68,"column":14},"end":{"line":70,"column":5}}},"7":{"name":"(anonymous_7)","decl":{"start":{"line":69,"column":41},"end":{"line":69,"column":42}},"loc":{"start":{"line":69,"column":56},"end":{"line":69,"column":82}}},"8":{"name":"(anonymous_8)","decl":{"start":{"line":77,"column":4},"end":{"line":77,"column":15}},"loc":{"start":{"line":77,"column":28},"end":{"line":79,"column":5}}},"9":{"name":"(anonymous_9)","decl":{"start":{"line":86,"column":4},"end":{"line":86,"column":14}},"loc":{"start":{"line":86,"column":30},"end":{"line":88,"column":5}}},"10":{"name":"(anonymous_10)","decl":{"start":{"line":94,"column":4},"end":{"line":94,"column":16}},"loc":{"start":{"line":94,"column":29},"end":{"line":96,"column":5}}},"11":{"name":"(anonymous_11)","decl":{"start":{"line":102,"column":4},"end":{"line":102,"column":19}},"loc":{"start":{"line":102,"column":19},"end":{"line":105,"column":5}}},"12":{"name":"(anonymous_12)","decl":{"start":{"line":112,"column":4},"end":{"line":112,"column":18}},"loc":{"start":{"line":112,"column":31},"end":{"line":114,"column":5}}},"13":{"name":"(anonymous_13)","decl":{"start":{"line":121,"column":4},"end":{"line":121,"column":19}},"loc":{"start":{"line":121,"column":32},"end":{"line":123,"column":5}}},"14":{"name":"(anonymous_14)","decl":{"start":{"line":129,"column":4},"end":{"line":129,"column":14}},"loc":{"start":{"line":129,"column":14},"end":{"line":131,"column":5}}},"15":{"name":"(anonymous_15)","decl":{"start":{"line":137,"column":4},"end":{"line":137,"column":7}},"loc":{"start":{"line":137,"column":7},"end":{"line":149,"column":5}}},"16":{"name":"(anonymous_16)","decl":{"start":{"line":139,"column":22},"end":{"line":139,"column":23}},"loc":{"start":{"line":139,"column":31},"end":{"line":143,"column":9}}},"17":{"name":"(anonymous_17)","decl":{"start":{"line":156,"column":4},"end":{"line":156,"column":11}},"loc":{"start":{"line":156,"column":24},"end":{"line":159,"column":5}}},"18":{"name":"(anonymous_18)","decl":{"start":{"line":167,"column":4},"end":{"line":167,"column":27}},"loc":{"start":{"line":167,"column":115},"end":{"line":169,"column":5}}},"19":{"name":"(anonymous_19)","decl":{"start":{"line":175,"column":4},"end":{"line":175,"column":11}},"loc":{"start":{"line":175,"column":11},"end":{"line":177,"column":5}}},"20":{"name":"(anonymous_20)","decl":{"start":{"line":185,"column":4},"end":{"line":185,"column":14}},"loc":{"start":{"line":185,"column":56},"end":{"line":188,"column":5}}},"21":{"name":"(anonymous_21)","decl":{"start":{"line":195,"column":4},"end":{"line":195,"column":15}},"loc":{"start":{"line":195,"column":51},"end":{"line":198,"column":5}}},"22":{"name":"(anonymous_22)","decl":{"start":{"line":204,"column":4},"end":{"line":204,"column":15}},"loc":{"start":{"line":204,"column":15},"end":{"line":206,"column":5}}},"23":{"name":"(anonymous_23)","decl":{"start":{"line":213,"column":4},"end":{"line":213,"column":14}},"loc":{"start":{"line":213,"column":102},"end":{"line":223,"column":5}}},"24":{"name":"(anonymous_24)","decl":{"start":{"line":215,"column":49},"end":{"line":215,"column":50}},"loc":{"start":{"line":215,"column":61},"end":{"line":215,"column":88}}},"25":{"name":"(anonymous_25)","decl":{"start":{"line":216,"column":31},"end":{"line":216,"column":32}},"loc":{"start":{"line":216,"column":42},"end":{"line":220,"column":9}}},"26":{"name":"(anonymous_26)","decl":{"start":{"line":229,"column":4},"end":{"line":229,"column":14}},"loc":{"start":{"line":229,"column":14},"end":{"line":231,"column":5}}},"27":{"name":"(anonymous_27)","decl":{"start":{"line":238,"column":4},"end":{"line":238,"column":13}},"loc":{"start":{"line":238,"column":26},"end":{"line":240,"column":5}}},"28":{"name":"(anonymous_28)","decl":{"start":{"line":247,"column":4},"end":{"line":247,"column":17}},"loc":{"start":{"line":247,"column":79},"end":{"line":250,"column":5}}}},"branchMap":{"0":{"loc":{"start":{"line":17,"column":20},"end":{"line":17,"column":32}},"type":"binary-expr","locations":[{"start":{"line":17,"column":20},"end":{"line":17,"column":24}},{"start":{"line":17,"column":28},"end":{"line":17,"column":32}}]},"1":{"loc":{"start":{"line":29,"column":52},"end":{"line":29,"column":77}},"type":"default-arg","locations":[{"start":{"line":29,"column":69},"end":{"line":29,"column":77}}]},"2":{"loc":{"start":{"line":39,"column":8},"end":{"line":41,"column":9}},"type":"if","locations":[{"start":{"line":39,"column":8},"end":{"line":41,"column":9}}]},"3":{"loc":{"start":{"line":44,"column":30},"end":{"line":44,"column":71}},"type":"cond-expr","locations":[{"start":{"line":44,"column":45},"end":{"line":44,"column":57}},{"start":{"line":44,"column":60},"end":{"line":44,"column":71}}]},"4":{"loc":{"start":{"line":56,"column":8},"end":{"line":61,"column":9}},"type":"if","locations":[{"start":{"line":56,"column":8},"end":{"line":61,"column":9}},{"start":{"line":59,"column":15},"end":{"line":61,"column":9}}]},"5":{"loc":{"start":{"line":130,"column":15},"end":{"line":130,"column":39}},"type":"cond-expr","locations":[{"start":{"line":130,"column":27},"end":{"line":130,"column":31}},{"start":{"line":130,"column":34},"end":{"line":130,"column":39}}]},"6":{"loc":{"start":{"line":140,"column":12},"end":{"line":142,"column":13}},"type":"if","locations":[{"start":{"line":140,"column":12},"end":{"line":142,"column":13}}]},"7":{"loc":{"start":{"line":140,"column":16},"end":{"line":140,"column":82}},"type":"binary-expr","locations":[{"start":{"line":140,"column":16},"end":{"line":140,"column":41}},{"start":{"line":140,"column":45},"end":{"line":140,"column":82}}]},"8":{"loc":{"start":{"line":217,"column":12},"end":{"line":219,"column":13}},"type":"if","locations":[{"start":{"line":217,"column":12},"end":{"line":219,"column":13}}]},"9":{"loc":{"start":{"line":217,"column":16},"end":{"line":217,"column":106}},"type":"binary-expr","locations":[{"start":{"line":217,"column":16},"end":{"line":217,"column":28}},{"start":{"line":217,"column":32},"end":{"line":217,"column":68}},{"start":{"line":217,"column":72},"end":{"line":217,"column":106}}]}},"s":{"0":30,"1":30,"2":30,"3":30,"4":30,"5":11,"6":11,"7":2,"8":1,"9":2,"10":2,"11":2,"12":2,"13":2,"14":3,"15":0,"16":3,"17":0,"18":0,"19":3,"20":2,"21":1,"22":2,"23":1,"24":1,"25":2,"26":2,"27":2,"28":2,"29":2,"30":6,"31":6,"32":2,"33":1,"34":6,"35":2,"36":2,"37":3,"38":1,"39":0,"40":0,"41":1,"42":1,"43":0,"44":9,"45":9,"46":8,"47":9,"48":1,"49":1,"50":9,"51":9,"52":0,"53":0,"54":4,"55":4,"56":5},"f":{"0":30,"1":11,"2":2,"3":2,"4":3,"5":0,"6":2,"7":1,"8":2,"9":1,"10":1,"11":2,"12":2,"13":2,"14":2,"15":6,"16":2,"17":2,"18":3,"19":1,"20":0,"21":1,"22":0,"23":9,"24":8,"25":1,"26":0,"27":0,"28":4},"b":{"0":[30,29],"1":[10],"2":[1],"3":[2,0],"4":[0,3],"5":[1,1],"6":[1],"7":[2,1],"8":[1],"9":[1,1,1]}}
,"C:\\xampp\\htdocs\\verifgood\\VerifgoodSDK\\src\\utils\\Logger.ts": {"path":"C:\\xampp\\htdocs\\verifgood\\VerifgoodSDK\\src\\utils\\Logger.ts","statementMap":{"0":{"start":{"line":3,"column":6},"end":{"line":3,"column":59}},"1":{"start":{"line":7,"column":6},"end":{"line":7,"column":38}},"2":{"start":{"line":11,"column":6},"end":{"line":11,"column":38}},"3":{"start":{"line":15,"column":2},"end":{"line":15,"column":24}}},"fnMap":{"0":{"name":"(anonymous_0)","decl":{"start":{"line":2,"column":4},"end":{"line":2,"column":10}},"loc":{"start":{"line":2,"column":64},"end":{"line":4,"column":5}}},"1":{"name":"(anonymous_1)","decl":{"start":{"line":6,"column":4},"end":{"line":6,"column":10}},"loc":{"start":{"line":6,"column":31},"end":{"line":8,"column":5}}},"2":{"name":"(anonymous_2)","decl":{"start":{"line":10,"column":4},"end":{"line":10,"column":10}},"loc":{"start":{"line":10,"column":29},"end":{"line":12,"column":5}}}},"branchMap":{},"s":{"0":12,"1":12,"2":0,"3":4},"f":{"0":12,"1":12,"2":0},"b":{}}
}
