TN:
SF:src\VGSDK.ts
FN:23,(anonymous_0)
FN:30,(anonymous_1)
FN:37,(anonymous_2)
FN:41,(anonymous_3)
FN:48,(anonymous_4)
FN:52,(anonymous_5)
FN:56,(anonymous_6)
FN:60,(anonymous_7)
FN:64,(anonymous_8)
FN:67,(anonymous_9)
FN:74,(anonymous_10)
FN:82,(anonymous_11)
FN:90,(anonymous_12)
FNF:13
FNH:11
FNDA:13,(anonymous_0)
FNDA:11,(anonymous_1)
FNDA:3,(anonymous_2)
FNDA:1,(anonymous_3)
FNDA:1,(anonymous_4)
FNDA:1,(anonymous_5)
FNDA:1,(anonymous_6)
FNDA:1,(anonymous_7)
FNDA:1,(anonymous_8)
FNDA:1,(anonymous_9)
FNDA:1,(anonymous_10)
FNDA:0,(anonymous_11)
FNDA:0,(anonymous_12)
DA:1,1
DA:3,1
DA:4,1
DA:5,1
DA:7,1
DA:8,1
DA:9,1
DA:10,1
DA:11,1
DA:12,1
DA:13,1
DA:14,1
DA:18,1
DA:24,13
DA:25,13
DA:26,13
DA:27,13
DA:31,11
DA:32,10
DA:34,11
DA:38,3
DA:42,1
DA:49,1
DA:53,1
DA:57,1
DA:61,1
DA:65,1
DA:68,1
DA:75,1
DA:83,0
DA:91,0
LF:31
LH:29
BRDA:31,0,0,10
BRF:1
BRH:1
end_of_record
TN:
SF:src\apiRequests\Account.ts
FN:13,(anonymous_7)
FN:22,(anonymous_8)
FN:31,(anonymous_10)
FN:41,(anonymous_12)
FN:50,(anonymous_14)
FN:55,(anonymous_17)
FN:60,(anonymous_20)
FN:65,(anonymous_23)
FN:70,(anonymous_26)
FNF:9
FNH:4
FNDA:8,(anonymous_7)
FNDA:1,(anonymous_8)
FNDA:1,(anonymous_10)
FNDA:1,(anonymous_12)
FNDA:0,(anonymous_14)
FNDA:0,(anonymous_17)
FNDA:0,(anonymous_20)
FNDA:0,(anonymous_23)
FNDA:0,(anonymous_26)
DA:1,2
DA:9,2
DA:10,8
DA:11,8
DA:14,8
DA:23,1
DA:24,1
DA:32,1
DA:33,1
DA:42,1
DA:44,1
DA:45,1
DA:46,1
DA:51,0
DA:52,0
DA:56,0
DA:57,0
DA:61,0
DA:62,0
DA:66,0
DA:67,0
DA:71,0
LF:22
LH:13
BRDA:42,0,0,1
BRDA:42,0,1,0
BRF:2
BRH:1
end_of_record
TN:
SF:src\apiRequests\BonsDeCommande.ts
FN:9,(anonymous_7)
FN:18,(anonymous_8)
FN:27,(anonymous_10)
FN:36,(anonymous_12)
FN:48,(anonymous_14)
FN:50,(anonymous_16)
FN:53,(anonymous_17)
FN:83,(anonymous_18)
FN:83,(anonymous_19)
FN:99,(anonymous_20)
FN:99,(anonymous_21)
FN:114,(anonymous_22)
FN:123,(anonymous_24)
FN:140,(anonymous_25)
FN:149,(anonymous_27)
FN:149,(anonymous_28)
FN:162,(anonymous_29)
FN:162,(anonymous_30)
FN:177,(anonymous_31)
FN:177,(anonymous_32)
FN:198,(anonymous_33)
FN:211,(anonymous_35)
FNF:22
FNH:19
FNDA:1,(anonymous_7)
FNDA:1,(anonymous_8)
FNDA:1,(anonymous_10)
FNDA:1,(anonymous_12)
FNDA:0,(anonymous_14)
FNDA:0,(anonymous_16)
FNDA:0,(anonymous_17)
FNDA:1,(anonymous_18)
FNDA:1,(anonymous_19)
FNDA:1,(anonymous_20)
FNDA:1,(anonymous_21)
FNDA:1,(anonymous_22)
FNDA:1,(anonymous_24)
FNDA:1,(anonymous_25)
FNDA:1,(anonymous_27)
FNDA:1,(anonymous_28)
FNDA:1,(anonymous_29)
FNDA:1,(anonymous_30)
FNDA:1,(anonymous_31)
FNDA:1,(anonymous_32)
FNDA:1,(anonymous_33)
FNDA:1,(anonymous_35)
DA:1,2
DA:9,2
DA:10,1
DA:11,1
DA:19,1
DA:28,1
DA:37,1
DA:50,0
DA:51,0
DA:52,0
DA:53,0
DA:54,0
DA:55,0
DA:69,0
DA:83,1
DA:84,1
DA:90,1
DA:99,1
DA:100,1
DA:106,1
DA:115,1
DA:124,1
DA:141,1
DA:149,1
DA:151,1
DA:152,1
DA:153,1
DA:154,1
DA:162,1
DA:164,1
DA:168,1
DA:177,1
DA:179,1
DA:180,1
DA:184,1
DA:186,1
DA:188,1
DA:191,1
DA:200,1
DA:203,1
DA:213,1
DA:216,1
LF:42
LH:35
BRDA:83,0,0,0
BRDA:85,1,0,1
BRDA:85,1,1,0
BRDA:99,2,0,0
BRDA:101,3,0,1
BRDA:101,3,1,0
BRDA:149,4,0,0
BRDA:162,5,0,1
BRDA:177,6,0,0
BRDA:177,7,0,0
BRDA:184,8,0,1
BRDA:184,8,1,0
BRF:12
BRH:4
end_of_record
TN:
SF:src\apiRequests\Categories.ts
FN:4,(anonymous_7)
FN:8,(anonymous_8)
FN:11,(anonymous_10)
FNF:3
FNH:1
FNDA:1,(anonymous_7)
FNDA:0,(anonymous_8)
FNDA:0,(anonymous_10)
DA:1,1
DA:4,1
DA:5,1
DA:6,1
DA:9,0
DA:12,0
LF:6
LH:4
BRF:0
BRH:0
end_of_record
TN:
SF:src\apiRequests\Checkpoints.ts
FN:3,(anonymous_0)
FNF:1
FNH:1
FNDA:2,(anonymous_0)
DA:1,1
DA:3,1
DA:4,2
DA:5,2
LF:4
LH:4
BRF:0
BRH:0
end_of_record
TN:
SF:src\apiRequests\Equipements.ts
FN:4,(anonymous_7)
FN:9,(anonymous_8)
FN:9,(anonymous_9)
FN:22,(anonymous_10)
FN:33,(anonymous_12)
FN:40,(anonymous_14)
FN:50,(anonymous_16)
FN:50,(anonymous_17)
FN:70,(anonymous_18)
FN:75,(anonymous_20)
FN:81,(anonymous_21)
FN:91,(anonymous_23)
FN:91,(anonymous_24)
FN:107,(anonymous_25)
FN:107,(anonymous_26)
FN:130,(anonymous_27)
FN:131,(anonymous_29)
FN:135,(anonymous_30)
FN:148,(anonymous_31)
FN:153,(anonymous_33)
FN:158,(anonymous_35)
FN:163,(anonymous_37)
FN:163,(anonymous_38)
FN:168,(anonymous_39)
FN:170,(anonymous_41)
FN:175,(anonymous_42)
FN:180,(anonymous_44)
FN:185,(anonymous_46)
FN:227,(anonymous_47)
FN:234,(anonymous_48)
FNF:30
FNH:1
FNDA:1,(anonymous_7)
FNDA:0,(anonymous_8)
FNDA:0,(anonymous_9)
FNDA:0,(anonymous_10)
FNDA:0,(anonymous_12)
FNDA:0,(anonymous_14)
FNDA:0,(anonymous_16)
FNDA:0,(anonymous_17)
FNDA:0,(anonymous_18)
FNDA:0,(anonymous_20)
FNDA:0,(anonymous_21)
FNDA:0,(anonymous_23)
FNDA:0,(anonymous_24)
FNDA:0,(anonymous_25)
FNDA:0,(anonymous_26)
FNDA:0,(anonymous_27)
FNDA:0,(anonymous_29)
FNDA:0,(anonymous_30)
FNDA:0,(anonymous_31)
FNDA:0,(anonymous_33)
FNDA:0,(anonymous_35)
FNDA:0,(anonymous_37)
FNDA:0,(anonymous_38)
FNDA:0,(anonymous_39)
FNDA:0,(anonymous_41)
FNDA:0,(anonymous_42)
FNDA:0,(anonymous_44)
FNDA:0,(anonymous_46)
FNDA:0,(anonymous_47)
FNDA:0,(anonymous_48)
DA:1,1
DA:2,1
DA:4,1
DA:5,1
DA:6,1
DA:7,1
DA:8,1
DA:9,0
DA:10,0
DA:14,0
DA:15,0
DA:23,0
DA:24,0
DA:25,0
DA:26,0
DA:34,0
DA:35,0
DA:36,0
DA:37,0
DA:41,0
DA:46,0
DA:47,0
DA:50,0
DA:51,0
DA:52,0
DA:55,0
DA:56,0
DA:57,0
DA:59,0
DA:60,0
DA:61,0
DA:62,0
DA:63,0
DA:64,0
DA:65,0
DA:66,0
DA:67,0
DA:71,0
DA:74,0
DA:75,0
DA:76,0
DA:78,0
DA:82,0
DA:87,0
DA:88,0
DA:91,0
DA:92,0
DA:97,0
DA:98,0
DA:99,0
DA:100,0
DA:101,0
DA:102,0
DA:103,0
DA:104,0
DA:107,0
DA:108,0
DA:109,0
DA:115,0
DA:116,0
DA:117,0
DA:119,0
DA:120,0
DA:121,0
DA:122,0
DA:123,0
DA:124,0
DA:125,0
DA:126,0
DA:127,0
DA:131,0
DA:132,0
DA:133,0
DA:134,0
DA:135,0
DA:136,0
DA:137,0
DA:140,0
DA:144,0
DA:145,0
DA:149,0
DA:150,0
DA:154,0
DA:155,0
DA:159,0
DA:160,0
DA:163,0
DA:164,0
DA:165,0
DA:169,0
DA:170,0
DA:172,0
DA:176,0
DA:177,0
DA:181,0
DA:182,0
DA:186,0
DA:187,0
DA:188,0
DA:189,0
DA:190,0
DA:191,0
DA:192,0
DA:193,0
DA:195,0
DA:196,0
DA:198,0
DA:199,0
DA:200,0
DA:202,0
DA:203,0
DA:205,0
DA:206,0
DA:207,0
DA:208,0
DA:209,0
DA:210,0
DA:212,0
DA:213,0
DA:214,0
DA:215,0
DA:216,0
DA:218,0
DA:219,0
DA:220,0
DA:224,0
DA:228,0
DA:229,0
DA:230,0
DA:231,0
DA:235,0
DA:236,0
DA:237,0
LF:133
LH:7
BRDA:9,0,0,0
BRDA:50,1,0,0
BRDA:55,2,0,0
BRDA:55,2,1,0
BRDA:56,3,0,0
BRDA:56,3,1,0
BRDA:57,4,0,0
BRDA:57,4,1,0
BRDA:60,5,0,0
BRDA:60,5,1,0
BRDA:91,6,0,0
BRDA:94,7,0,0
BRDA:94,7,1,0
BRDA:107,8,0,0
BRDA:107,9,0,0
BRDA:111,10,0,0
BRDA:111,10,1,0
BRDA:115,11,0,0
BRDA:115,11,1,0
BRDA:116,12,0,0
BRDA:116,12,1,0
BRDA:117,13,0,0
BRDA:117,13,1,0
BRDA:120,14,0,0
BRDA:120,14,1,0
BRDA:132,15,0,0
BRDA:132,16,0,0
BRDA:132,16,1,0
BRDA:133,17,0,0
BRDA:155,18,0,0
BRDA:155,18,1,0
BRDA:163,19,0,0
BRDA:192,20,0,0
BRDA:196,21,0,0
BRDA:196,21,1,0
BRDA:199,22,0,0
BRDA:199,22,1,0
BRDA:199,23,0,0
BRDA:199,23,1,0
BRDA:202,24,0,0
BRDA:202,24,1,0
BRDA:203,25,0,0
BRDA:203,26,0,0
BRDA:203,26,1,0
BRDA:212,27,0,0
BRDA:215,28,0,0
BRDA:218,29,0,0
BRF:47
BRH:0
end_of_record
TN:
SF:src\apiRequests\Invitations.ts
FN:30,(anonymous_7)
FN:46,(anonymous_8)
FN:72,(anonymous_10)
FN:116,(anonymous_12)
FN:140,(anonymous_14)
FNF:5
FNH:1
FNDA:1,(anonymous_7)
FNDA:0,(anonymous_8)
FNDA:0,(anonymous_10)
FNDA:0,(anonymous_12)
FNDA:0,(anonymous_14)
DA:2,1
DA:30,1
DA:31,1
DA:32,1
DA:49,0
DA:50,0
DA:51,0
DA:52,0
DA:73,0
DA:75,0
DA:76,0
DA:79,0
DA:82,0
DA:84,0
DA:87,0
DA:88,0
DA:89,0
DA:92,0
DA:94,0
DA:98,0
DA:117,0
DA:119,0
DA:120,0
DA:121,0
DA:141,0
DA:142,0
LF:26
LH:4
BRDA:75,0,0,0
BRDA:75,0,1,0
BRDA:87,1,0,0
BRDA:87,2,0,0
BRDA:87,2,1,0
BRDA:99,3,0,0
BRDA:99,3,1,0
BRDA:117,4,0,0
BRDA:117,4,1,0
BRDA:117,5,0,0
BRDA:117,5,1,0
BRF:11
BRH:0
end_of_record
TN:
SF:src\apiRequests\Lieux.ts
FN:4,(anonymous_7)
FN:7,(anonymous_8)
FNF:2
FNH:1
FNDA:1,(anonymous_7)
FNDA:0,(anonymous_8)
DA:2,1
DA:4,1
DA:5,1
DA:6,1
DA:9,0
LF:5
LH:4
BRF:0
BRH:0
end_of_record
TN:
SF:src\apiRequests\Messaging.ts
FN:7,(anonymous_7)
FN:17,(anonymous_8)
FN:29,(anonymous_10)
FN:41,(anonymous_12)
FN:52,(anonymous_14)
FNF:5
FNH:1
FNDA:1,(anonymous_7)
FNDA:0,(anonymous_8)
FNDA:0,(anonymous_10)
FNDA:0,(anonymous_12)
FNDA:0,(anonymous_14)
DA:1,1
DA:7,1
DA:8,1
DA:9,1
DA:18,0
DA:19,0
DA:20,0
DA:30,0
DA:31,0
DA:32,0
DA:42,0
DA:43,0
DA:53,0
DA:54,0
LF:14
LH:4
BRF:0
BRH:0
end_of_record
TN:
SF:src\apiRequests\SharedLinks.ts
FN:13,(anonymous_0)
FNF:1
FNH:1
FNDA:2,(anonymous_0)
DA:1,1
DA:12,1
DA:13,1
DA:14,2
DA:15,2
LF:5
LH:5
BRF:0
BRH:0
end_of_record
TN:
SF:src\apiRequests\Taches.ts
FN:9,(anonymous_0)
FNF:1
FNH:1
FNDA:1,(anonymous_0)
DA:1,1
DA:2,1
DA:5,1
DA:6,1
DA:7,1
DA:10,1
DA:11,1
LF:7
LH:7
BRF:0
BRH:0
end_of_record
TN:
SF:src\apiRequests\Verifications.ts
FN:47,(anonymous_7)
FN:56,(anonymous_8)
FN:67,(anonymous_10)
FN:67,(anonymous_11)
FN:83,(anonymous_12)
FN:92,(anonymous_14)
FN:105,(anonymous_16)
FN:115,(anonymous_18)
FN:128,(anonymous_20)
FN:143,(anonymous_22)
FN:143,(anonymous_23)
FN:156,(anonymous_24)
FN:156,(anonymous_25)
FN:166,(anonymous_26)
FN:167,(anonymous_27)
FN:183,(anonymous_28)
FN:198,(anonymous_30)
FN:198,(anonymous_31)
FNF:18
FNH:1
FNDA:1,(anonymous_7)
FNDA:0,(anonymous_8)
FNDA:0,(anonymous_10)
FNDA:0,(anonymous_11)
FNDA:0,(anonymous_12)
FNDA:0,(anonymous_14)
FNDA:0,(anonymous_16)
FNDA:0,(anonymous_18)
FNDA:0,(anonymous_20)
FNDA:0,(anonymous_22)
FNDA:0,(anonymous_23)
FNDA:0,(anonymous_24)
FNDA:0,(anonymous_25)
FNDA:0,(anonymous_26)
FNDA:0,(anonymous_27)
FNDA:0,(anonymous_28)
FNDA:0,(anonymous_30)
FNDA:0,(anonymous_31)
DA:1,1
DA:2,1
DA:47,1
DA:48,1
DA:49,1
DA:57,0
DA:67,0
DA:68,0
DA:69,0
DA:71,0
DA:72,0
DA:75,0
DA:84,0
DA:93,0
DA:97,0
DA:106,0
DA:116,0
DA:120,0
DA:129,0
DA:133,0
DA:143,0
DA:144,0
DA:148,0
DA:156,0
DA:157,0
DA:158,0
DA:167,0
DA:188,0
DA:198,0
DA:199,0
DA:202,0
DA:209,0
LF:32
LH:5
BRDA:67,0,0,0
BRDA:68,1,0,0
BRDA:68,1,1,0
BRDA:71,2,0,0
BRDA:130,3,0,0
BRDA:130,3,1,0
BRDA:143,4,0,0
BRDA:143,5,0,0
BRDA:156,6,0,0
BRDA:158,7,0,0
BRDA:158,7,1,0
BRDA:170,8,0,0
BRDA:170,8,1,0
BRDA:171,9,0,0
BRDA:171,9,1,0
BRDA:198,10,0,0
BRDA:198,11,0,0
BRDA:199,12,0,0
BRDA:199,12,1,0
BRF:19
BRH:0
end_of_record
TN:
SF:src\core\ApiRequest.ts
FN:16,(anonymous_7)
FN:19,(anonymous_8)
FN:23,(anonymous_10)
FN:27,(anonymous_12)
FN:31,(anonymous_14)
FN:35,(anonymous_16)
FNF:6
FNH:6
FNDA:21,(anonymous_7)
FNDA:2,(anonymous_8)
FNDA:1,(anonymous_10)
FNDA:2,(anonymous_12)
FNDA:1,(anonymous_14)
FNDA:1,(anonymous_16)
DA:2,4
DA:13,4
DA:17,21
DA:20,2
DA:24,1
DA:28,2
DA:32,1
DA:36,1
LF:8
LH:8
BRF:0
BRH:0
end_of_record
TN:
SF:src\core\Auth.ts
FN:8,(anonymous_0)
FN:12,(anonymous_1)
FN:15,(anonymous_2)
FNF:3
FNH:2
FNDA:16,(anonymous_0)
FNDA:0,(anonymous_1)
FNDA:12,(anonymous_2)
DA:3,4
DA:4,16
DA:7,16
DA:9,16
DA:10,16
DA:13,0
DA:16,12
LF:7
LH:6
BRF:0
BRH:0
end_of_record
TN:
SF:src\core\HttpClient.ts
FN:9,(anonymous_8)
FN:14,(anonymous_9)
FN:19,(anonymous_11)
FN:35,(anonymous_12)
FN:39,(anonymous_14)
FN:43,(anonymous_16)
FN:52,(anonymous_18)
FN:60,(anonymous_19)
FNF:8
FNH:7
FNDA:21,(anonymous_8)
FNDA:5,(anonymous_9)
FNDA:5,(anonymous_11)
FNDA:1,(anonymous_12)
FNDA:6,(anonymous_14)
FNDA:0,(anonymous_16)
FNDA:5,(anonymous_18)
FNDA:12,(anonymous_19)
DA:1,4
DA:5,4
DA:10,21
DA:11,21
DA:16,5
DA:17,5
DA:18,4
DA:19,4
DA:20,5
DA:21,4
DA:23,1
DA:27,5
DA:28,1
DA:30,4
DA:32,5
DA:36,1
DA:40,6
DA:44,0
DA:53,5
DA:54,5
DA:55,5
DA:57,5
DA:61,12
DA:62,12
DA:63,12
DA:65,12
DA:70,12
DA:75,12
DA:76,7
DA:79,12
DA:81,12
DA:82,12
DA:83,0
DA:88,0
DA:89,0
DA:92,12
DA:93,12
DA:94,12
DA:96,0
DA:97,0
LF:40
LH:34
BRDA:17,0,0,4
BRDA:20,1,0,4
BRDA:20,1,1,1
BRDA:27,2,0,1
BRDA:27,2,1,4
BRDA:54,3,0,5
BRDA:75,4,0,7
BRDA:82,5,0,0
BRDA:92,6,0,12
BRDA:92,6,1,0
BRF:10
BRH:8
end_of_record
TN:
SF:src\core\Metadatas.ts
FN:16,(anonymous_0)
FN:29,(anonymous_1)
FN:38,(anonymous_2)
FN:43,(anonymous_3)
FN:54,(anonymous_4)
FN:55,(anonymous_5)
FN:68,(anonymous_6)
FN:69,(anonymous_7)
FN:77,(anonymous_8)
FN:86,(anonymous_9)
FN:94,(anonymous_10)
FN:102,(anonymous_11)
FN:112,(anonymous_12)
FN:121,(anonymous_13)
FN:129,(anonymous_14)
FN:137,(anonymous_15)
FN:139,(anonymous_16)
FN:156,(anonymous_17)
FN:167,(anonymous_18)
FN:175,(anonymous_19)
FN:185,(anonymous_20)
FN:195,(anonymous_21)
FN:204,(anonymous_22)
FN:213,(anonymous_23)
FN:215,(anonymous_24)
FN:216,(anonymous_25)
FN:229,(anonymous_26)
FN:238,(anonymous_27)
FN:247,(anonymous_28)
FNF:29
FNH:24
FNDA:30,(anonymous_0)
FNDA:11,(anonymous_1)
FNDA:2,(anonymous_2)
FNDA:2,(anonymous_3)
FNDA:3,(anonymous_4)
FNDA:0,(anonymous_5)
FNDA:2,(anonymous_6)
FNDA:1,(anonymous_7)
FNDA:2,(anonymous_8)
FNDA:1,(anonymous_9)
FNDA:1,(anonymous_10)
FNDA:2,(anonymous_11)
FNDA:2,(anonymous_12)
FNDA:2,(anonymous_13)
FNDA:2,(anonymous_14)
FNDA:6,(anonymous_15)
FNDA:2,(anonymous_16)
FNDA:2,(anonymous_17)
FNDA:3,(anonymous_18)
FNDA:1,(anonymous_19)
FNDA:0,(anonymous_20)
FNDA:1,(anonymous_21)
FNDA:0,(anonymous_22)
FNDA:9,(anonymous_23)
FNDA:8,(anonymous_24)
FNDA:1,(anonymous_25)
FNDA:0,(anonymous_26)
FNDA:0,(anonymous_27)
FNDA:4,(anonymous_28)
DA:9,5
DA:17,30
DA:18,30
DA:19,30
DA:20,30
DA:21,30
DA:30,11
DA:31,11
DA:39,2
DA:40,1
DA:42,2
DA:43,2
DA:44,2
DA:46,2
DA:47,2
DA:55,3
DA:56,3
DA:57,0
DA:58,0
DA:60,3
DA:69,2
DA:78,2
DA:87,1
DA:95,1
DA:103,2
DA:104,2
DA:113,2
DA:122,2
DA:130,2
DA:138,6
DA:139,6
DA:140,2
DA:141,1
DA:144,6
DA:157,2
DA:158,2
DA:168,3
DA:176,1
DA:186,0
DA:187,0
DA:196,1
DA:197,1
DA:205,0
DA:214,9
DA:215,9
DA:216,9
DA:217,1
DA:218,1
DA:221,9
DA:222,9
DA:230,0
DA:239,0
DA:248,4
DA:249,4
LF:54
LH:47
BRDA:17,0,0,30
BRDA:17,0,1,29
BRDA:29,1,0,10
BRDA:39,2,0,1
BRDA:44,3,0,2
BRDA:44,3,1,0
BRDA:56,4,0,0
BRDA:56,4,1,3
BRDA:130,5,0,1
BRDA:130,5,1,1
BRDA:140,6,0,1
BRDA:140,7,0,2
BRDA:140,7,1,1
BRDA:217,8,0,1
BRDA:217,9,0,1
BRDA:217,9,1,1
BRDA:217,9,2,1
BRF:17
BRH:15
end_of_record
TN:
SF:src\utils\Logger.ts
FN:2,(anonymous_0)
FN:6,(anonymous_1)
FN:10,(anonymous_2)
FNF:3
FNH:2
FNDA:12,(anonymous_0)
FNDA:12,(anonymous_1)
FNDA:0,(anonymous_2)
DA:3,12
DA:7,12
DA:11,0
DA:15,4
LF:4
LH:3
BRF:0
BRH:0
end_of_record
